
===========================================================================
 report_power
============================================================================
======================= Fastest Corner ===================================

Group                  Internal  Switching    Leakage      Total
                          Power      Power      Power      Power (Watts)
----------------------------------------------------------------
Sequential             2.00e-06   1.19e-07   1.89e-09   2.12e-06   2.2%
Combinational          2.49e-05   2.85e-05   6.01e-09   5.34e-05  55.0%
Clock                  2.42e-05   1.74e-05   2.75e-09   4.16e-05  42.8%
Macro                  0.00e+00   0.00e+00   0.00e+00   0.00e+00   0.0%
Pad                    0.00e+00   0.00e+00   0.00e+00   0.00e+00   0.0%
----------------------------------------------------------------
Total                  5.11e-05   4.60e-05   1.07e-08   9.71e-05 100.0%
                          52.6%      47.4%       0.0%

======================= Slowest Corner ===================================

Group                  Internal  Switching    Leakage      Total
                          Power      Power      Power      Power (Watts)
----------------------------------------------------------------
Sequential             1.33e-06   7.77e-08   1.87e-08   1.43e-06   2.1%
Combinational          1.67e-05   1.90e-05   1.78e-06   3.76e-05  55.7%
Clock                  1.67e-05   1.17e-05   5.96e-08   2.84e-05  42.2%
Macro                  0.00e+00   0.00e+00   0.00e+00   0.00e+00   0.0%
Pad                    0.00e+00   0.00e+00   0.00e+00   0.00e+00   0.0%
----------------------------------------------------------------
Total                  3.48e-05   3.08e-05   1.86e-06   6.74e-05 100.0%
                          51.6%      45.7%       2.8%

======================= Typical Corner ===================================

Group                  Internal  Switching    Leakage      Total
                          Power      Power      Power      Power (Watts)
----------------------------------------------------------------
Sequential             1.72e-06   1.01e-07   1.89e-09   1.82e-06   2.2%
Combinational          2.11e-05   2.42e-05   1.21e-09   4.52e-05  54.9%
Clock                  2.06e-05   1.48e-05   2.60e-09   3.54e-05  42.9%
Macro                  0.00e+00   0.00e+00   0.00e+00   0.00e+00   0.0%
Pad                    0.00e+00   0.00e+00   0.00e+00   0.00e+00   0.0%
----------------------------------------------------------------
Total                  4.33e-05   3.91e-05   5.70e-09   8.24e-05 100.0%
                          52.6%      47.4%       0.0%

