
===========================================================================
 report_power
============================================================================
======================= Fastest Corner ===================================

Group                  Internal  Switching    Leakage      Total
                          Power      Power      Power      Power (Watts)
----------------------------------------------------------------
Sequential             2.00e-06   1.23e-07   1.89e-09   2.12e-06   2.4%
Combinational          2.49e-05   2.32e-05   6.01e-09   4.81e-05  54.2%
Clock                  2.41e-05   1.44e-05   2.75e-09   3.86e-05  43.4%
Macro                  0.00e+00   0.00e+00   0.00e+00   0.00e+00   0.0%
Pad                    0.00e+00   0.00e+00   0.00e+00   0.00e+00   0.0%
----------------------------------------------------------------
Total                  5.10e-05   3.78e-05   1.07e-08   8.88e-05 100.0%
                          57.4%      42.6%       0.0%

======================= Slowest Corner ===================================

Group                  Internal  Switching    Leakage      Total
                          Power      Power      Power      Power (Watts)
----------------------------------------------------------------
Sequential             1.34e-06   8.06e-08   1.87e-08   1.44e-06   2.3%
Combinational          1.67e-05   1.55e-05   1.78e-06   3.40e-05  55.0%
Clock                  1.66e-05   9.68e-06   5.96e-08   2.64e-05  42.7%
Macro                  0.00e+00   0.00e+00   0.00e+00   0.00e+00   0.0%
Pad                    0.00e+00   0.00e+00   0.00e+00   0.00e+00   0.0%
----------------------------------------------------------------
Total                  3.46e-05   2.53e-05   1.86e-06   6.18e-05 100.0%
                          56.1%      40.9%       3.0%

======================= Typical Corner ===================================

Group                  Internal  Switching    Leakage      Total
                          Power      Power      Power      Power (Watts)
----------------------------------------------------------------
Sequential             1.72e-06   1.04e-07   1.89e-09   1.82e-06   2.4%
Combinational          2.10e-05   1.97e-05   1.21e-09   4.07e-05  54.1%
Clock                  2.05e-05   1.23e-05   2.60e-09   3.27e-05  43.5%
Macro                  0.00e+00   0.00e+00   0.00e+00   0.00e+00   0.0%
Pad                    0.00e+00   0.00e+00   0.00e+00   0.00e+00   0.0%
----------------------------------------------------------------
Total                  4.32e-05   3.21e-05   5.70e-09   7.53e-05 100.0%
                          57.4%      42.6%       0.0%

