
===========================================================================
report_checks -path_delay min (Hold)
============================================================================
======================= Fastest Corner ===================================

Startpoint: _19_ (rising edge-triggered flip-flop clocked by clk)
Endpoint: _19_ (rising edge-triggered flip-flop clocked by clk)
Path Group: clk
Path Type: min
Corner: Fastest

Fanout     Cap    Slew   Delay    Time   Description
-----------------------------------------------------------------------------
                          0.00    0.00   clock clk (rise edge)
                          4.65    4.65   clock source latency
     1    0.08    0.61    0.00    4.65 ^ wb_clk_i (in)
                                         wb_clk_i (net)
                  0.61    0.00    4.65 ^ clkbuf_0_wb_clk_i/A (sky130_fd_sc_hd__clkbuf_16)
     2    0.07    0.08    0.16    4.81 ^ clkbuf_0_wb_clk_i/X (sky130_fd_sc_hd__clkbuf_16)
                                         clknet_0_wb_clk_i (net)
                  0.08    0.00    4.82 ^ clkbuf_1_0__f_wb_clk_i/A (sky130_fd_sc_hd__clkbuf_16)
     1    0.02    0.03    0.09    4.91 ^ clkbuf_1_0__f_wb_clk_i/X (sky130_fd_sc_hd__clkbuf_16)
                                         clknet_1_0__leaf_wb_clk_i (net)
                  0.03    0.00    4.91 ^ _19_/CLK (sky130_fd_sc_hd__dfrtp_1)
     2    0.01    0.10    0.24    5.14 ^ _19_/Q (sky130_fd_sc_hd__dfrtp_1)
                                         net51 (net)
                  0.10    0.00    5.14 ^ _16_/A_N (sky130_fd_sc_hd__and3b_1)
     1    0.00    0.02    0.11    5.25 v _16_/X (sky130_fd_sc_hd__and3b_1)
                                         _03_ (net)
                  0.02    0.00    5.25 v _17_/A (sky130_fd_sc_hd__clkbuf_1)
     1    0.00    0.02    0.05    5.31 v _17_/X (sky130_fd_sc_hd__clkbuf_1)
                                         _00_ (net)
                  0.02    0.00    5.31 v _19_/D (sky130_fd_sc_hd__dfrtp_1)
                                  5.31   data arrival time

                          0.00    0.00   clock clk (rise edge)
                          5.57    5.57   clock source latency
     1    0.08    0.61    0.00    5.57 ^ wb_clk_i (in)
                                         wb_clk_i (net)
                  0.61    0.00    5.57 ^ clkbuf_0_wb_clk_i/A (sky130_fd_sc_hd__clkbuf_16)
     2    0.07    0.08    0.18    5.75 ^ clkbuf_0_wb_clk_i/X (sky130_fd_sc_hd__clkbuf_16)
                                         clknet_0_wb_clk_i (net)
                  0.08    0.00    5.75 ^ clkbuf_1_0__f_wb_clk_i/A (sky130_fd_sc_hd__clkbuf_16)
     1    0.02    0.03    0.10    5.85 ^ clkbuf_1_0__f_wb_clk_i/X (sky130_fd_sc_hd__clkbuf_16)
                                         clknet_1_0__leaf_wb_clk_i (net)
                  0.03    0.00    5.85 ^ _19_/CLK (sky130_fd_sc_hd__dfrtp_1)
                          0.10    5.95   clock uncertainty
                         -0.95    5.01   clock reconvergence pessimism
                         -0.03    4.98   library hold time
                                  4.98   data required time
-----------------------------------------------------------------------------
                                  4.98   data required time
                                 -5.31   data arrival time
-----------------------------------------------------------------------------
                                  0.33   slack (MET)


Startpoint: _19_ (rising edge-triggered flip-flop clocked by clk)
Endpoint: wbs_ack_o (output port clocked by clk)
Path Group: clk
Path Type: min
Corner: Fastest

Fanout     Cap    Slew   Delay    Time   Description
-----------------------------------------------------------------------------
                          0.00    0.00   clock clk (rise edge)
                          4.65    4.65   clock source latency
     1    0.08    0.61    0.00    4.65 ^ wb_clk_i (in)
                                         wb_clk_i (net)
                  0.61    0.00    4.65 ^ clkbuf_0_wb_clk_i/A (sky130_fd_sc_hd__clkbuf_16)
     2    0.07    0.08    0.16    4.81 ^ clkbuf_0_wb_clk_i/X (sky130_fd_sc_hd__clkbuf_16)
                                         clknet_0_wb_clk_i (net)
                  0.08    0.00    4.82 ^ clkbuf_1_0__f_wb_clk_i/A (sky130_fd_sc_hd__clkbuf_16)
     1    0.02    0.03    0.09    4.91 ^ clkbuf_1_0__f_wb_clk_i/X (sky130_fd_sc_hd__clkbuf_16)
                                         clknet_1_0__leaf_wb_clk_i (net)
                  0.03    0.00    4.91 ^ _19_/CLK (sky130_fd_sc_hd__dfrtp_1)
     2    0.01    0.06    0.24    5.15 v _19_/Q (sky130_fd_sc_hd__dfrtp_1)
                                         net51 (net)
                  0.06    0.00    5.15 v output51/A (sky130_fd_sc_hd__buf_12)
     1    0.19    0.08    0.14    5.29 v output51/X (sky130_fd_sc_hd__buf_12)
                                         wbs_ack_o (net)
                  0.08    0.00    5.29 v wbs_ack_o (out)
                                  5.29   data arrival time

                          0.00    0.00   clock clk (rise edge)
                          5.57    5.57   clock network delay (propagated)
                          0.10    5.67   clock uncertainty
                          0.00    5.67   clock reconvergence pessimism
                         -1.37    4.30   output external delay
                                  4.30   data required time
-----------------------------------------------------------------------------
                                  4.30   data required time
                                 -5.29   data arrival time
-----------------------------------------------------------------------------
                                  0.99   slack (MET)


Startpoint: wb_rst_i (input port clocked by clk)
Endpoint: _19_ (removal check against rising-edge clock clk)
Path Group: asynchronous
Path Type: min
Corner: Fastest

Fanout     Cap    Slew   Delay    Time   Description
-----------------------------------------------------------------------------
                          0.00    0.00   clock clk (rise edge)
                          4.65    4.65   clock network delay (propagated)
                         12.50   17.15 v input external delay
     1    0.00    0.00    0.00   17.15 v wb_rst_i (in)
                                         wb_rst_i (net)
                  0.00    0.00   17.15 v input1/A (sky130_fd_sc_hd__clkbuf_1)
     1    0.01    0.04    0.06   17.21 v input1/X (sky130_fd_sc_hd__clkbuf_1)
                                         net1 (net)
                  0.04    0.00   17.21 v _18_/A (sky130_fd_sc_hd__inv_2)
     1    0.00    0.02    0.03   17.24 ^ _18_/Y (sky130_fd_sc_hd__inv_2)
                                         _01_ (net)
                  0.02    0.00   17.24 ^ _19_/RESET_B (sky130_fd_sc_hd__dfrtp_1)
                                 17.24   data arrival time

                          0.00    0.00   clock clk (rise edge)
                          5.57    5.57   clock source latency
     1    0.08    0.61    0.00    5.57 ^ wb_clk_i (in)
                                         wb_clk_i (net)
                  0.61    0.00    5.57 ^ clkbuf_0_wb_clk_i/A (sky130_fd_sc_hd__clkbuf_16)
     2    0.07    0.08    0.18    5.75 ^ clkbuf_0_wb_clk_i/X (sky130_fd_sc_hd__clkbuf_16)
                                         clknet_0_wb_clk_i (net)
                  0.08    0.00    5.75 ^ clkbuf_1_0__f_wb_clk_i/A (sky130_fd_sc_hd__clkbuf_16)
     1    0.02    0.03    0.10    5.85 ^ clkbuf_1_0__f_wb_clk_i/X (sky130_fd_sc_hd__clkbuf_16)
                                         clknet_1_0__leaf_wb_clk_i (net)
                  0.03    0.00    5.85 ^ _19_/CLK (sky130_fd_sc_hd__dfrtp_1)
                          0.10    5.95   clock uncertainty
                          0.00    5.95   clock reconvergence pessimism
                          0.19    6.15   library removal time
                                  6.15   data required time
-----------------------------------------------------------------------------
                                  6.15   data required time
                                -17.24   data arrival time
-----------------------------------------------------------------------------
                                 11.09   slack (MET)



worst slack corner Fastest: 0.3278
======================= Slowest Corner ===================================

Startpoint: wbs_cyc_i (input port clocked by clk)
Endpoint: _19_ (rising edge-triggered flip-flop clocked by clk)
Path Group: clk
Path Type: min
Corner: Slowest

Fanout     Cap    Slew   Delay    Time   Description
-----------------------------------------------------------------------------
                          0.00    0.00   clock clk (rise edge)
                          4.65    4.65   clock network delay (propagated)
                          1.69    6.34 ^ input external delay
     1    0.00    0.09    0.00    6.34 ^ wbs_cyc_i (in)
                                         wbs_cyc_i (net)
                  0.09    0.00    6.34 ^ input12/A (sky130_fd_sc_hd__clkbuf_1)
     2    0.01    0.16    0.22    6.56 ^ input12/X (sky130_fd_sc_hd__clkbuf_1)
                                         net12 (net)
                  0.16    0.00    6.56 ^ _16_/C (sky130_fd_sc_hd__and3b_1)
     1    0.00    0.09    0.33    6.89 ^ _16_/X (sky130_fd_sc_hd__and3b_1)
                                         _03_ (net)
                  0.09    0.00    6.89 ^ _17_/A (sky130_fd_sc_hd__clkbuf_1)
     1    0.00    0.08    0.16    7.05 ^ _17_/X (sky130_fd_sc_hd__clkbuf_1)
                                         _00_ (net)
                  0.08    0.00    7.05 ^ _19_/D (sky130_fd_sc_hd__dfrtp_1)
                                  7.05   data arrival time

                          0.00    0.00   clock clk (rise edge)
                          5.57    5.57   clock source latency
     1    0.08    0.61    0.00    5.57 ^ wb_clk_i (in)
                                         wb_clk_i (net)
                  0.61    0.00    5.57 ^ clkbuf_0_wb_clk_i/A (sky130_fd_sc_hd__clkbuf_16)
     2    0.07    0.14    0.54    6.11 ^ clkbuf_0_wb_clk_i/X (sky130_fd_sc_hd__clkbuf_16)
                                         clknet_0_wb_clk_i (net)
                  0.14    0.00    6.11 ^ clkbuf_1_0__f_wb_clk_i/A (sky130_fd_sc_hd__clkbuf_16)
     1    0.01    0.06    0.26    6.37 ^ clkbuf_1_0__f_wb_clk_i/X (sky130_fd_sc_hd__clkbuf_16)
                                         clknet_1_0__leaf_wb_clk_i (net)
                  0.06    0.00    6.37 ^ _19_/CLK (sky130_fd_sc_hd__dfrtp_1)
                          0.10    6.47   clock uncertainty
                          0.00    6.47   clock reconvergence pessimism
                         -0.08    6.39   library hold time
                                  6.39   data required time
-----------------------------------------------------------------------------
                                  6.39   data required time
                                 -7.05   data arrival time
-----------------------------------------------------------------------------
                                  0.66   slack (MET)


Startpoint: _19_ (rising edge-triggered flip-flop clocked by clk)
Endpoint: wbs_ack_o (output port clocked by clk)
Path Group: clk
Path Type: min
Corner: Slowest

Fanout     Cap    Slew   Delay    Time   Description
-----------------------------------------------------------------------------
                          0.00    0.00   clock clk (rise edge)
                          4.65    4.65   clock source latency
     1    0.08    0.61    0.00    4.65 ^ wb_clk_i (in)
                                         wb_clk_i (net)
                  0.61    0.00    4.65 ^ clkbuf_0_wb_clk_i/A (sky130_fd_sc_hd__clkbuf_16)
     2    0.07    0.14    0.49    5.14 ^ clkbuf_0_wb_clk_i/X (sky130_fd_sc_hd__clkbuf_16)
                                         clknet_0_wb_clk_i (net)
                  0.14    0.00    5.14 ^ clkbuf_1_0__f_wb_clk_i/A (sky130_fd_sc_hd__clkbuf_16)
     1    0.01    0.06    0.23    5.37 ^ clkbuf_1_0__f_wb_clk_i/X (sky130_fd_sc_hd__clkbuf_16)
                                         clknet_1_0__leaf_wb_clk_i (net)
                  0.06    0.00    5.37 ^ _19_/CLK (sky130_fd_sc_hd__dfrtp_1)
     2    0.01    0.21    0.71    6.08 ^ _19_/Q (sky130_fd_sc_hd__dfrtp_1)
                                         net51 (net)
                  0.21    0.00    6.08 ^ output51/A (sky130_fd_sc_hd__buf_12)
     1    0.19    0.34    0.43    6.51 ^ output51/X (sky130_fd_sc_hd__buf_12)
                                         wbs_ack_o (net)
                  0.34    0.00    6.51 ^ wbs_ack_o (out)
                                  6.51   data arrival time

                          0.00    0.00   clock clk (rise edge)
                          5.57    5.57   clock network delay (propagated)
                          0.10    5.67   clock uncertainty
                          0.00    5.67   clock reconvergence pessimism
                         -1.37    4.30   output external delay
                                  4.30   data required time
-----------------------------------------------------------------------------
                                  4.30   data required time
                                 -6.51   data arrival time
-----------------------------------------------------------------------------
                                  2.21   slack (MET)


Startpoint: wb_rst_i (input port clocked by clk)
Endpoint: _19_ (removal check against rising-edge clock clk)
Path Group: asynchronous
Path Type: min
Corner: Slowest

Fanout     Cap    Slew   Delay    Time   Description
-----------------------------------------------------------------------------
                          0.00    0.00   clock clk (rise edge)
                          4.65    4.65   clock network delay (propagated)
                         12.50   17.15 v input external delay
     1    0.00    0.00    0.00   17.15 v wb_rst_i (in)
                                         wb_rst_i (net)
                  0.00    0.00   17.15 v input1/A (sky130_fd_sc_hd__clkbuf_1)
     1    0.01    0.10    0.16   17.31 v input1/X (sky130_fd_sc_hd__clkbuf_1)
                                         net1 (net)
                  0.10    0.00   17.31 v _18_/A (sky130_fd_sc_hd__inv_2)
     1    0.00    0.05    0.08   17.39 ^ _18_/Y (sky130_fd_sc_hd__inv_2)
                                         _01_ (net)
                  0.05    0.00   17.39 ^ _19_/RESET_B (sky130_fd_sc_hd__dfrtp_1)
                                 17.39   data arrival time

                          0.00    0.00   clock clk (rise edge)
                          5.57    5.57   clock source latency
     1    0.08    0.61    0.00    5.57 ^ wb_clk_i (in)
                                         wb_clk_i (net)
                  0.61    0.00    5.57 ^ clkbuf_0_wb_clk_i/A (sky130_fd_sc_hd__clkbuf_16)
     2    0.07    0.14    0.54    6.11 ^ clkbuf_0_wb_clk_i/X (sky130_fd_sc_hd__clkbuf_16)
                                         clknet_0_wb_clk_i (net)
                  0.14    0.00    6.11 ^ clkbuf_1_0__f_wb_clk_i/A (sky130_fd_sc_hd__clkbuf_16)
     1    0.01    0.06    0.26    6.37 ^ clkbuf_1_0__f_wb_clk_i/X (sky130_fd_sc_hd__clkbuf_16)
                                         clknet_1_0__leaf_wb_clk_i (net)
                  0.06    0.00    6.37 ^ _19_/CLK (sky130_fd_sc_hd__dfrtp_1)
                          0.10    6.47   clock uncertainty
                          0.00    6.47   clock reconvergence pessimism
                          0.65    7.12   library removal time
                                  7.12   data required time
-----------------------------------------------------------------------------
                                  7.12   data required time
                                -17.39   data arrival time
-----------------------------------------------------------------------------
                                 10.28   slack (MET)



worst slack corner Slowest: 0.6586
======================= Typical Corner ===================================

Startpoint: _19_ (rising edge-triggered flip-flop clocked by clk)
Endpoint: _19_ (rising edge-triggered flip-flop clocked by clk)
Path Group: clk
Path Type: min
Corner: Typical

Fanout     Cap    Slew   Delay    Time   Description
-----------------------------------------------------------------------------
                          0.00    0.00   clock clk (rise edge)
                          4.65    4.65   clock source latency
     1    0.08    0.61    0.00    4.65 ^ wb_clk_i (in)
                                         wb_clk_i (net)
                  0.61    0.00    4.65 ^ clkbuf_0_wb_clk_i/A (sky130_fd_sc_hd__clkbuf_16)
     2    0.07    0.09    0.29    4.94 ^ clkbuf_0_wb_clk_i/X (sky130_fd_sc_hd__clkbuf_16)
                                         clknet_0_wb_clk_i (net)
                  0.09    0.00    4.94 ^ clkbuf_1_0__f_wb_clk_i/A (sky130_fd_sc_hd__clkbuf_16)
     1    0.02    0.04    0.13    5.07 ^ clkbuf_1_0__f_wb_clk_i/X (sky130_fd_sc_hd__clkbuf_16)
                                         clknet_1_0__leaf_wb_clk_i (net)
                  0.04    0.00    5.07 ^ _19_/CLK (sky130_fd_sc_hd__dfrtp_1)
     2    0.01    0.13    0.36    5.44 ^ _19_/Q (sky130_fd_sc_hd__dfrtp_1)
                                         net51 (net)
                  0.13    0.00    5.44 ^ _16_/A_N (sky130_fd_sc_hd__and3b_1)
     1    0.00    0.04    0.18    5.62 v _16_/X (sky130_fd_sc_hd__and3b_1)
                                         _03_ (net)
                  0.04    0.00    5.62 v _17_/A (sky130_fd_sc_hd__clkbuf_1)
     1    0.00    0.03    0.08    5.70 v _17_/X (sky130_fd_sc_hd__clkbuf_1)
                                         _00_ (net)
                  0.03    0.00    5.70 v _19_/D (sky130_fd_sc_hd__dfrtp_1)
                                  5.70   data arrival time

                          0.00    0.00   clock clk (rise edge)
                          5.57    5.57   clock source latency
     1    0.08    0.61    0.00    5.57 ^ wb_clk_i (in)
                                         wb_clk_i (net)
                  0.61    0.00    5.57 ^ clkbuf_0_wb_clk_i/A (sky130_fd_sc_hd__clkbuf_16)
     2    0.07    0.09    0.32    5.89 ^ clkbuf_0_wb_clk_i/X (sky130_fd_sc_hd__clkbuf_16)
                                         clknet_0_wb_clk_i (net)
                  0.09    0.00    5.89 ^ clkbuf_1_0__f_wb_clk_i/A (sky130_fd_sc_hd__clkbuf_16)
     1    0.02    0.04    0.15    6.04 ^ clkbuf_1_0__f_wb_clk_i/X (sky130_fd_sc_hd__clkbuf_16)
                                         clknet_1_0__leaf_wb_clk_i (net)
                  0.04    0.00    6.04 ^ _19_/CLK (sky130_fd_sc_hd__dfrtp_1)
                          0.10    6.14   clock uncertainty
                         -0.96    5.17   clock reconvergence pessimism
                         -0.04    5.13   library hold time
                                  5.13   data required time
-----------------------------------------------------------------------------
                                  5.13   data required time
                                 -5.70   data arrival time
-----------------------------------------------------------------------------
                                  0.57   slack (MET)


Startpoint: _19_ (rising edge-triggered flip-flop clocked by clk)
Endpoint: wbs_ack_o (output port clocked by clk)
Path Group: clk
Path Type: min
Corner: Typical

Fanout     Cap    Slew   Delay    Time   Description
-----------------------------------------------------------------------------
                          0.00    0.00   clock clk (rise edge)
                          4.65    4.65   clock source latency
     1    0.08    0.61    0.00    4.65 ^ wb_clk_i (in)
                                         wb_clk_i (net)
                  0.61    0.00    4.65 ^ clkbuf_0_wb_clk_i/A (sky130_fd_sc_hd__clkbuf_16)
     2    0.07    0.09    0.29    4.94 ^ clkbuf_0_wb_clk_i/X (sky130_fd_sc_hd__clkbuf_16)
                                         clknet_0_wb_clk_i (net)
                  0.09    0.00    4.94 ^ clkbuf_1_0__f_wb_clk_i/A (sky130_fd_sc_hd__clkbuf_16)
     1    0.02    0.04    0.13    5.07 ^ clkbuf_1_0__f_wb_clk_i/X (sky130_fd_sc_hd__clkbuf_16)
                                         clknet_1_0__leaf_wb_clk_i (net)
                  0.04    0.00    5.07 ^ _19_/CLK (sky130_fd_sc_hd__dfrtp_1)
     2    0.01    0.08    0.38    5.45 v _19_/Q (sky130_fd_sc_hd__dfrtp_1)
                                         net51 (net)
                  0.08    0.00    5.45 v output51/A (sky130_fd_sc_hd__buf_12)
     1    0.19    0.10    0.20    5.65 v output51/X (sky130_fd_sc_hd__buf_12)
                                         wbs_ack_o (net)
                  0.10    0.00    5.65 v wbs_ack_o (out)
                                  5.65   data arrival time

                          0.00    0.00   clock clk (rise edge)
                          5.57    5.57   clock network delay (propagated)
                          0.10    5.67   clock uncertainty
                          0.00    5.67   clock reconvergence pessimism
                         -1.37    4.30   output external delay
                                  4.30   data required time
-----------------------------------------------------------------------------
                                  4.30   data required time
                                 -5.65   data arrival time
-----------------------------------------------------------------------------
                                  1.35   slack (MET)


Startpoint: wb_rst_i (input port clocked by clk)
Endpoint: _19_ (removal check against rising-edge clock clk)
Path Group: asynchronous
Path Type: min
Corner: Typical

Fanout     Cap    Slew   Delay    Time   Description
-----------------------------------------------------------------------------
                          0.00    0.00   clock clk (rise edge)
                          4.65    4.65   clock network delay (propagated)
                         12.50   17.15 v input external delay
     1    0.00    0.00    0.00   17.15 v wb_rst_i (in)
                                         wb_rst_i (net)
                  0.00    0.00   17.15 v input1/A (sky130_fd_sc_hd__clkbuf_1)
     1    0.01    0.05    0.09   17.24 v input1/X (sky130_fd_sc_hd__clkbuf_1)
                                         net1 (net)
                  0.05    0.00   17.24 v _18_/A (sky130_fd_sc_hd__inv_2)
     1    0.00    0.03    0.05   17.28 ^ _18_/Y (sky130_fd_sc_hd__inv_2)
                                         _01_ (net)
                  0.03    0.00   17.28 ^ _19_/RESET_B (sky130_fd_sc_hd__dfrtp_1)
                                 17.28   data arrival time

                          0.00    0.00   clock clk (rise edge)
                          5.57    5.57   clock source latency
     1    0.08    0.61    0.00    5.57 ^ wb_clk_i (in)
                                         wb_clk_i (net)
                  0.61    0.00    5.57 ^ clkbuf_0_wb_clk_i/A (sky130_fd_sc_hd__clkbuf_16)
     2    0.07    0.09    0.32    5.89 ^ clkbuf_0_wb_clk_i/X (sky130_fd_sc_hd__clkbuf_16)
                                         clknet_0_wb_clk_i (net)
                  0.09    0.00    5.89 ^ clkbuf_1_0__f_wb_clk_i/A (sky130_fd_sc_hd__clkbuf_16)
     1    0.02    0.04    0.15    6.04 ^ clkbuf_1_0__f_wb_clk_i/X (sky130_fd_sc_hd__clkbuf_16)
                                         clknet_1_0__leaf_wb_clk_i (net)
                  0.04    0.00    6.04 ^ _19_/CLK (sky130_fd_sc_hd__dfrtp_1)
                          0.10    6.14   clock uncertainty
                          0.00    6.14   clock reconvergence pessimism
                          0.31    6.45   library removal time
                                  6.45   data required time
-----------------------------------------------------------------------------
                                  6.45   data required time
                                -17.28   data arrival time
-----------------------------------------------------------------------------
                                 10.83   slack (MET)



worst slack corner Typical: 0.5686
