
===========================================================================
 report_power
============================================================================
======================= Fastest Corner ===================================

Group                  Internal  Switching    Leakage      Total
                          Power      Power      Power      Power (Watts)
----------------------------------------------------------------
Sequential             2.00e-06   1.16e-07   1.89e-09   2.11e-06   2.2%
Combinational          2.49e-05   2.64e-05   6.01e-09   5.13e-05  54.4%
Clock                  2.42e-05   1.68e-05   2.75e-09   4.09e-05  43.4%
Macro                  0.00e+00   0.00e+00   0.00e+00   0.00e+00   0.0%
Pad                    0.00e+00   0.00e+00   0.00e+00   0.00e+00   0.0%
----------------------------------------------------------------
Total                  5.11e-05   4.33e-05   1.07e-08   9.44e-05 100.0%
                          54.1%      45.9%       0.0%

======================= Slowest Corner ===================================

Group                  Internal  Switching    Leakage      Total
                          Power      Power      Power      Power (Watts)
----------------------------------------------------------------
Sequential             1.33e-06   7.56e-08   1.87e-08   1.43e-06   2.2%
Combinational          1.67e-05   1.77e-05   1.78e-06   3.61e-05  55.1%
Clock                  1.67e-05   1.12e-05   5.96e-08   2.80e-05  42.7%
Macro                  0.00e+00   0.00e+00   0.00e+00   0.00e+00   0.0%
Pad                    0.00e+00   0.00e+00   0.00e+00   0.00e+00   0.0%
----------------------------------------------------------------
Total                  3.47e-05   2.90e-05   1.86e-06   6.56e-05 100.0%
                          53.0%      44.2%       2.8%

======================= Typical Corner ===================================

Group                  Internal  Switching    Leakage      Total
                          Power      Power      Power      Power (Watts)
----------------------------------------------------------------
Sequential             1.72e-06   9.80e-08   1.89e-09   1.82e-06   2.3%
Combinational          2.10e-05   2.24e-05   1.21e-09   4.35e-05  54.3%
Clock                  2.05e-05   1.42e-05   2.60e-09   3.48e-05  43.5%
Macro                  0.00e+00   0.00e+00   0.00e+00   0.00e+00   0.0%
Pad                    0.00e+00   0.00e+00   0.00e+00   0.00e+00   0.0%
----------------------------------------------------------------
Total                  4.33e-05   3.68e-05   5.70e-09   8.01e-05 100.0%
                          54.1%      45.9%       0.0%

