
===========================================================================
 report_power
============================================================================
======================= Fastest Corner ===================================

Group                  Internal  Switching    Leakage      Total
                          Power      Power      Power      Power (Watts)
----------------------------------------------------------------
Sequential             2.00e-06   1.16e-07   1.89e-09   2.11e-06   2.2%
Combinational          2.49e-05   2.85e-05   6.01e-09   5.34e-05  55.3%
Clock                  2.42e-05   1.69e-05   2.75e-09   4.11e-05  42.5%
Macro                  0.00e+00   0.00e+00   0.00e+00   0.00e+00   0.0%
Pad                    0.00e+00   0.00e+00   0.00e+00   0.00e+00   0.0%
----------------------------------------------------------------
Total                  5.11e-05   4.55e-05   1.07e-08   9.66e-05 100.0%
                          52.9%      47.1%       0.0%

======================= Slowest Corner ===================================

Group                  Internal  Switching    Leakage      Total
                          Power      Power      Power      Power (Watts)
----------------------------------------------------------------
Sequential             1.33e-06   7.57e-08   1.87e-08   1.43e-06   2.1%
Combinational          1.67e-05   1.91e-05   1.78e-06   3.76e-05  56.0%
Clock                  1.67e-05   1.13e-05   5.96e-08   2.81e-05  41.9%
Macro                  0.00e+00   0.00e+00   0.00e+00   0.00e+00   0.0%
Pad                    0.00e+00   0.00e+00   0.00e+00   0.00e+00   0.0%
----------------------------------------------------------------
Total                  3.48e-05   3.05e-05   1.86e-06   6.71e-05 100.0%
                          51.8%      45.4%       2.8%

======================= Typical Corner ===================================

Group                  Internal  Switching    Leakage      Total
                          Power      Power      Power      Power (Watts)
----------------------------------------------------------------
Sequential             1.72e-06   9.80e-08   1.89e-09   1.82e-06   2.2%
Combinational          2.11e-05   2.42e-05   1.21e-09   4.53e-05  55.2%
Clock                  2.06e-05   1.43e-05   2.60e-09   3.49e-05  42.6%
Macro                  0.00e+00   0.00e+00   0.00e+00   0.00e+00   0.0%
Pad                    0.00e+00   0.00e+00   0.00e+00   0.00e+00   0.0%
----------------------------------------------------------------
Total                  4.33e-05   3.87e-05   5.70e-09   8.20e-05 100.0%
                          52.9%      47.1%       0.0%

