[INFO]: Run Directory: /home/passant/efabless/caravel_user_sram/openlane/SRAM_1024x32/runs/24_05_09_12_33
[INFO]: Saving runtime environment...
[INFO]: Preparing LEF files for the nom corner...
[INFO]: Preparing LEF files for the min corner...
[INFO]: Preparing LEF files for the max corner...
[INFO]: Running linter (Verilator) (log: ../home/passant/efabless/caravel_user_sram/openlane/SRAM_1024x32/runs/24_05_09_12_33/logs/synthesis/linter.log)...
[WARNING]: 3 errors found by linter
[WARNING]: 459 warnings found by linter
[INFO]: Running Synthesis (log: ../home/passant/efabless/caravel_user_sram/openlane/SRAM_1024x32/runs/24_05_09_12_33/logs/synthesis/1-synthesis.log)...
[INFO]: Running Single-Corner Static Timing Analysis (log: ../home/passant/efabless/caravel_user_sram/openlane/SRAM_1024x32/runs/24_05_09_12_33/logs/synthesis/2-sta.log)...
[INFO]: Running Initial Floorplanning (log: ../home/passant/efabless/caravel_user_sram/openlane/SRAM_1024x32/runs/24_05_09_12_33/logs/floorplan/3-initial_fp.log)...
[INFO]: Floorplanned with width 369.84 and height 424.32.
[INFO]: Running IO Placement (log: ../home/passant/efabless/caravel_user_sram/openlane/SRAM_1024x32/runs/24_05_09_12_33/logs/floorplan/4-place_io.log)...
[INFO]: Performing Manual Macro Placement (log: ../home/passant/efabless/caravel_user_sram/openlane/SRAM_1024x32/runs/24_05_09_12_33/logs/placement/5-macro_placement.log)...
[INFO]: Running Tap/Decap Insertion (log: ../home/passant/efabless/caravel_user_sram/openlane/SRAM_1024x32/runs/24_05_09_12_33/logs/floorplan/6-tap.log)...
[INFO]: Power planning with power {VPWR} and ground {VGND}...
[INFO]: Generating PDN (log: ../home/passant/efabless/caravel_user_sram/openlane/SRAM_1024x32/runs/24_05_09_12_33/logs/floorplan/7-pdn.log)...
[INFO]: Running Global Placement (log: ../home/passant/efabless/caravel_user_sram/openlane/SRAM_1024x32/runs/24_05_09_12_33/logs/placement/7-global.log)...
[INFO]: Running Single-Corner Static Timing Analysis (log: ../home/passant/efabless/caravel_user_sram/openlane/SRAM_1024x32/runs/24_05_09_12_33/logs/placement/9-gpl_sta.log)...
[INFO]: Running Placement Resizer Design Optimizations (log: ../home/passant/efabless/caravel_user_sram/openlane/SRAM_1024x32/runs/24_05_09_12_33/logs/placement/10-resizer.log)...
[INFO]: Running Detailed Placement (log: ../home/passant/efabless/caravel_user_sram/openlane/SRAM_1024x32/runs/24_05_09_12_33/logs/placement/11-detailed.log)...
[INFO]: Running Single-Corner Static Timing Analysis (log: ../home/passant/efabless/caravel_user_sram/openlane/SRAM_1024x32/runs/24_05_09_12_33/logs/placement/12-dpl_sta.log)...
[INFO]: Running Clock Tree Synthesis (log: ../home/passant/efabless/caravel_user_sram/openlane/SRAM_1024x32/runs/24_05_09_12_33/logs/cts/13-cts.log)...
[INFO]: Running Single-Corner Static Timing Analysis (log: ../home/passant/efabless/caravel_user_sram/openlane/SRAM_1024x32/runs/24_05_09_12_33/logs/cts/14-cts_sta.log)...
[INFO]: Running Placement Resizer Timing Optimizations (log: ../home/passant/efabless/caravel_user_sram/openlane/SRAM_1024x32/runs/24_05_09_12_33/logs/cts/15-resizer.log)...
[INFO]: Running Global Routing Resizer Design Optimizations (log: ../home/passant/efabless/caravel_user_sram/openlane/SRAM_1024x32/runs/24_05_09_12_33/logs/routing/16-resizer_design.log)...
[INFO]: Running Single-Corner Static Timing Analysis (log: ../home/passant/efabless/caravel_user_sram/openlane/SRAM_1024x32/runs/24_05_09_12_33/logs/routing/17-rsz_design_sta.log)...
[INFO]: Running Global Routing Resizer Timing Optimizations (log: ../home/passant/efabless/caravel_user_sram/openlane/SRAM_1024x32/runs/24_05_09_12_33/logs/routing/18-resizer_timing.log)...
[INFO]: Running Single-Corner Static Timing Analysis (log: ../home/passant/efabless/caravel_user_sram/openlane/SRAM_1024x32/runs/24_05_09_12_33/logs/routing/19-rsz_timing_sta.log)...
[INFO]: Running Global Routing (log: ../home/passant/efabless/caravel_user_sram/openlane/SRAM_1024x32/runs/24_05_09_12_33/logs/routing/20-global.log)...
[INFO]: Writing Verilog (log: ../home/passant/efabless/caravel_user_sram/openlane/SRAM_1024x32/runs/24_05_09_12_33/logs/routing/20-global_write_netlist.log)...
[INFO]: Running Single-Corner Static Timing Analysis (log: ../home/passant/efabless/caravel_user_sram/openlane/SRAM_1024x32/runs/24_05_09_12_33/logs/routing/22-grt_sta.log)...
[INFO]: Running Fill Insertion (log: ../home/passant/efabless/caravel_user_sram/openlane/SRAM_1024x32/runs/24_05_09_12_33/logs/routing/23-fill.log)...
[INFO]: Running Detailed Routing (log: ../home/passant/efabless/caravel_user_sram/openlane/SRAM_1024x32/runs/24_05_09_12_33/logs/routing/24-detailed.log)...
[INFO]: Checking Wire Lengths (log: ../home/passant/efabless/caravel_user_sram/openlane/SRAM_1024x32/runs/24_05_09_12_33/logs/routing/25-wire_lengths.log)...
[INFO]: Running SPEF Extraction at the min process corner (log: ../home/passant/efabless/caravel_user_sram/openlane/SRAM_1024x32/runs/24_05_09_12_33/logs/signoff/26-parasitics_extraction.min.log)...
[INFO]: Running Multi-Corner Static Timing Analysis at the min process corner (log: ../home/passant/efabless/caravel_user_sram/openlane/SRAM_1024x32/runs/24_05_09_12_33/logs/signoff/27-rcx_mcsta.min.log)...
[INFO]: Running SPEF Extraction at the max process corner (log: ../home/passant/efabless/caravel_user_sram/openlane/SRAM_1024x32/runs/24_05_09_12_33/logs/signoff/28-parasitics_extraction.max.log)...
[INFO]: Running Multi-Corner Static Timing Analysis at the max process corner (log: ../home/passant/efabless/caravel_user_sram/openlane/SRAM_1024x32/runs/24_05_09_12_33/logs/signoff/29-rcx_mcsta.max.log)...
[INFO]: Running SPEF Extraction at the nom process corner (log: ../home/passant/efabless/caravel_user_sram/openlane/SRAM_1024x32/runs/24_05_09_12_33/logs/signoff/30-parasitics_extraction.nom.log)...
[INFO]: Running Multi-Corner Static Timing Analysis at the nom process corner (log: ../home/passant/efabless/caravel_user_sram/openlane/SRAM_1024x32/runs/24_05_09_12_33/logs/signoff/31-rcx_mcsta.nom.log)...
[INFO]: Running Magic to generate various views...
[INFO]: Streaming out GDSII with Magic (log: ../home/passant/efabless/caravel_user_sram/openlane/SRAM_1024x32/runs/24_05_09_12_33/logs/signoff/32-gdsii.log)...
[INFO]: Generating MAGLEF views...
[INFO]: Generating lef with Magic (/home/passant/efabless/caravel_user_sram/openlane/SRAM_1024x32/runs/24_05_09_12_33/logs/signoff/32-lef.log)...
[INFO]: Streaming out GDSII with KLayout (log: ../home/passant/efabless/caravel_user_sram/openlane/SRAM_1024x32/runs/24_05_09_12_33/logs/signoff/33-gdsii-klayout.log)...
[INFO]: Running XOR on the layouts using KLayout (log: ../home/passant/efabless/caravel_user_sram/openlane/SRAM_1024x32/runs/24_05_09_12_33/logs/signoff/34-xor.log)...
[INFO]: No XOR differences between KLayout and Magic gds.
[INFO]: Running Magic Spice Export from GDS (log: ../home/passant/efabless/caravel_user_sram/openlane/SRAM_1024x32/runs/24_05_09_12_33/logs/signoff/35-gds.spice.log)...
[INFO]: Writing Powered Verilog (logs: ../home/passant/efabless/caravel_user_sram/openlane/SRAM_1024x32/runs/24_05_09_12_33/logs/signoff/36-write_powered_def.log, ../home/passant/efabless/caravel_user_sram/openlane/SRAM_1024x32/runs/24_05_09_12_33/logs/signoff/36-write_powered_verilog.log)...
[INFO]: Writing Verilog (log: ../home/passant/efabless/caravel_user_sram/openlane/SRAM_1024x32/runs/24_05_09_12_33/logs/signoff/36-write_powered_verilog.log)...
[INFO]: Running LVS (log: ../home/passant/efabless/caravel_user_sram/openlane/SRAM_1024x32/runs/24_05_09_12_33/logs/signoff/38-lvs.gds.log)...
[INFO]: Running Magic DRC (log: ../home/passant/efabless/caravel_user_sram/openlane/SRAM_1024x32/runs/24_05_09_12_33/logs/signoff/39-drc.log)...
[INFO]: Converting Magic DRC database to various tool-readable formats...
[INFO]: Running KLayout DRC (log: ../home/passant/efabless/caravel_user_sram/openlane/SRAM_1024x32/runs/24_05_09_12_33/logs/signoff/40-drc-klayout.log)...
[WARNING]: There are violations in the design after KLayout DRC.
[WARNING]: Total Number of violations is 1
[INFO]: Running OpenROAD Antenna Rule Checker (log: ../home/passant/efabless/caravel_user_sram/openlane/SRAM_1024x32/runs/24_05_09_12_33/logs/signoff/41-arc.log)...
[INFO]: Saving current set of views in '../home/passant/efabless/caravel_user_sram/openlane/SRAM_1024x32/runs/24_05_09_12_33/results/final'...
[INFO]: Saving current set of views in '../home/passant/efabless/caravel_user_sram'...
[INFO]: Saving runtime environment...
[INFO]: Generating final set of reports...
[INFO]: Created manufacturability report at '../home/passant/efabless/caravel_user_sram/openlane/SRAM_1024x32/runs/24_05_09_12_33/reports/manufacturability.rpt'.
[INFO]: Created metrics report at '../home/passant/efabless/caravel_user_sram/openlane/SRAM_1024x32/runs/24_05_09_12_33/reports/metrics.csv'.
[INFO]: There are no max slew, max fanout or max capacitance violations in the design at the Typical corner.
[INFO]: There are no hold violations in the design at the Typical corner.
[INFO]: There are no setup violations in the design at the Typical corner.
[SUCCESS]: Flow complete.
[INFO]: Note that the following warnings have been generated:
