
===========================================================================
 report_power
============================================================================
======================= Fastest Corner ===================================

Group                  Internal  Switching    Leakage      Total
                          Power      Power      Power      Power (Watts)
----------------------------------------------------------------
Sequential             2.00e-06   1.31e-07   1.89e-09   2.13e-06   2.2%
Combinational          2.49e-05   2.82e-05   6.01e-09   5.32e-05  55.5%
Clock                  2.42e-05   1.63e-05   2.75e-09   4.05e-05  42.3%
Macro                  0.00e+00   0.00e+00   0.00e+00   0.00e+00   0.0%
Pad                    0.00e+00   0.00e+00   0.00e+00   0.00e+00   0.0%
----------------------------------------------------------------
Total                  5.11e-05   4.47e-05   1.07e-08   9.58e-05 100.0%
                          53.4%      46.6%       0.0%

======================= Slowest Corner ===================================

Group                  Internal  Switching    Leakage      Total
                          Power      Power      Power      Power (Watts)
----------------------------------------------------------------
Sequential             1.33e-06   8.54e-08   1.87e-08   1.44e-06   2.2%
Combinational          1.67e-05   1.89e-05   1.78e-06   3.74e-05  56.2%
Clock                  1.67e-05   1.09e-05   5.96e-08   2.77e-05  41.6%
Macro                  0.00e+00   0.00e+00   0.00e+00   0.00e+00   0.0%
Pad                    0.00e+00   0.00e+00   0.00e+00   0.00e+00   0.0%
----------------------------------------------------------------
Total                  3.47e-05   2.99e-05   1.86e-06   6.65e-05 100.0%
                          52.2%      45.0%       2.8%

======================= Typical Corner ===================================

Group                  Internal  Switching    Leakage      Total
                          Power      Power      Power      Power (Watts)
----------------------------------------------------------------
Sequential             1.72e-06   1.10e-07   1.89e-09   1.83e-06   2.3%
Combinational          2.11e-05   2.40e-05   1.21e-09   4.51e-05  55.4%
Clock                  2.05e-05   1.39e-05   2.60e-09   3.44e-05  42.3%
Macro                  0.00e+00   0.00e+00   0.00e+00   0.00e+00   0.0%
Pad                    0.00e+00   0.00e+00   0.00e+00   0.00e+00   0.0%
----------------------------------------------------------------
Total                  4.33e-05   3.80e-05   5.70e-09   8.13e-05 100.0%
                          53.3%      46.7%       0.0%

