
===========================================================================
report_checks -path_delay max (Setup)
============================================================================
======================= Fastest Corner ===================================

Startpoint: wb_rst_i (input port clocked by clk)
Endpoint: _19_ (recovery check against rising-edge clock clk)
Path Group: asynchronous
Path Type: max
Corner: Fastest

Fanout     Cap    Slew   Delay    Time   Description
-----------------------------------------------------------------------------
                          0.00    0.00   clock clk (rise edge)
                          5.57    5.57   clock network delay (propagated)
                         12.50   18.07 v input external delay
     1    0.00    0.00    0.00   18.07 v wb_rst_i (in)
                                         wb_rst_i (net)
                  0.00    0.00   18.07 v input1/A (sky130_fd_sc_hd__clkbuf_1)
     1    0.01    0.03    0.06   18.13 v input1/X (sky130_fd_sc_hd__clkbuf_1)
                                         net1 (net)
                  0.03    0.00   18.13 v _18_/A (sky130_fd_sc_hd__inv_2)
     1    0.01    0.02    0.04   18.17 ^ _18_/Y (sky130_fd_sc_hd__inv_2)
                                         _01_ (net)
                  0.02    0.00   18.17 ^ _19_/RESET_B (sky130_fd_sc_hd__dfrtp_1)
                                 18.17   data arrival time

                         25.00   25.00   clock clk (rise edge)
                          4.65   29.65   clock source latency
     1    0.08    0.61    0.00   29.65 ^ wb_clk_i (in)
                                         wb_clk_i (net)
                  0.61    0.00   29.65 ^ clkbuf_0_wb_clk_i/A (sky130_fd_sc_hd__clkbuf_16)
     2    0.07    0.08    0.17   29.82 ^ clkbuf_0_wb_clk_i/X (sky130_fd_sc_hd__clkbuf_16)
                                         clknet_0_wb_clk_i (net)
                  0.08    0.00   29.82 ^ clkbuf_1_0__f_wb_clk_i/A (sky130_fd_sc_hd__clkbuf_16)
     1    0.02    0.03    0.09   29.91 ^ clkbuf_1_0__f_wb_clk_i/X (sky130_fd_sc_hd__clkbuf_16)
                                         clknet_1_0__leaf_wb_clk_i (net)
                  0.03    0.00   29.91 ^ _19_/CLK (sky130_fd_sc_hd__dfrtp_1)
                         -0.10   29.81   clock uncertainty
                          0.00   29.81   clock reconvergence pessimism
                          0.14   29.95   library recovery time
                                 29.95   data required time
-----------------------------------------------------------------------------
                                 29.95   data required time
                                -18.17   data arrival time
-----------------------------------------------------------------------------
                                 11.79   slack (MET)


Startpoint: _19_ (rising edge-triggered flip-flop clocked by clk)
Endpoint: _19_ (rising edge-triggered flip-flop clocked by clk)
Path Group: clk
Path Type: max
Corner: Fastest

Fanout     Cap    Slew   Delay    Time   Description
-----------------------------------------------------------------------------
                          0.00    0.00   clock clk (rise edge)
                          5.57    5.57   clock source latency
     1    0.08    0.61    0.00    5.57 ^ wb_clk_i (in)
                                         wb_clk_i (net)
                  0.61    0.00    5.57 ^ clkbuf_0_wb_clk_i/A (sky130_fd_sc_hd__clkbuf_16)
     2    0.07    0.08    0.18    5.75 ^ clkbuf_0_wb_clk_i/X (sky130_fd_sc_hd__clkbuf_16)
                                         clknet_0_wb_clk_i (net)
                  0.08    0.00    5.76 ^ clkbuf_1_0__f_wb_clk_i/A (sky130_fd_sc_hd__clkbuf_16)
     1    0.02    0.03    0.10    5.86 ^ clkbuf_1_0__f_wb_clk_i/X (sky130_fd_sc_hd__clkbuf_16)
                                         clknet_1_0__leaf_wb_clk_i (net)
                  0.03    0.00    5.86 ^ _19_/CLK (sky130_fd_sc_hd__dfrtp_1)
     2    0.01    0.10    0.26    6.12 ^ _19_/Q (sky130_fd_sc_hd__dfrtp_1)
                                         net51 (net)
                  0.10    0.00    6.12 ^ _16_/A_N (sky130_fd_sc_hd__and3b_1)
     1    0.00    0.03    0.12    6.24 v _16_/X (sky130_fd_sc_hd__and3b_1)
                                         _03_ (net)
                  0.03    0.00    6.24 v _17_/A (sky130_fd_sc_hd__clkbuf_1)
     1    0.00    0.02    0.06    6.30 v _17_/X (sky130_fd_sc_hd__clkbuf_1)
                                         _00_ (net)
                  0.02    0.00    6.30 v _19_/D (sky130_fd_sc_hd__dfrtp_1)
                                  6.30   data arrival time

                         25.00   25.00   clock clk (rise edge)
                          4.65   29.65   clock source latency
     1    0.08    0.61    0.00   29.65 ^ wb_clk_i (in)
                                         wb_clk_i (net)
                  0.61    0.00   29.65 ^ clkbuf_0_wb_clk_i/A (sky130_fd_sc_hd__clkbuf_16)
     2    0.07    0.08    0.17   29.82 ^ clkbuf_0_wb_clk_i/X (sky130_fd_sc_hd__clkbuf_16)
                                         clknet_0_wb_clk_i (net)
                  0.08    0.00   29.82 ^ clkbuf_1_0__f_wb_clk_i/A (sky130_fd_sc_hd__clkbuf_16)
     1    0.02    0.03    0.09   29.91 ^ clkbuf_1_0__f_wb_clk_i/X (sky130_fd_sc_hd__clkbuf_16)
                                         clknet_1_0__leaf_wb_clk_i (net)
                  0.03    0.00   29.91 ^ _19_/CLK (sky130_fd_sc_hd__dfrtp_1)
                         -0.10   29.81   clock uncertainty
                          0.95   30.76   clock reconvergence pessimism
                         -0.07   30.69   library setup time
                                 30.69   data required time
-----------------------------------------------------------------------------
                                 30.69   data required time
                                 -6.30   data arrival time
-----------------------------------------------------------------------------
                                 24.39   slack (MET)


Startpoint: _19_ (rising edge-triggered flip-flop clocked by clk)
Endpoint: wbs_ack_o (output port clocked by clk)
Path Group: clk
Path Type: max
Corner: Fastest

Fanout     Cap    Slew   Delay    Time   Description
-----------------------------------------------------------------------------
                          0.00    0.00   clock clk (rise edge)
                          5.57    5.57   clock source latency
     1    0.08    0.61    0.00    5.57 ^ wb_clk_i (in)
                                         wb_clk_i (net)
                  0.61    0.00    5.57 ^ clkbuf_0_wb_clk_i/A (sky130_fd_sc_hd__clkbuf_16)
     2    0.07    0.08    0.18    5.75 ^ clkbuf_0_wb_clk_i/X (sky130_fd_sc_hd__clkbuf_16)
                                         clknet_0_wb_clk_i (net)
                  0.08    0.00    5.76 ^ clkbuf_1_0__f_wb_clk_i/A (sky130_fd_sc_hd__clkbuf_16)
     1    0.02    0.03    0.10    5.86 ^ clkbuf_1_0__f_wb_clk_i/X (sky130_fd_sc_hd__clkbuf_16)
                                         clknet_1_0__leaf_wb_clk_i (net)
                  0.03    0.00    5.86 ^ _19_/CLK (sky130_fd_sc_hd__dfrtp_1)
     2    0.01    0.10    0.26    6.12 ^ _19_/Q (sky130_fd_sc_hd__dfrtp_1)
                                         net51 (net)
                  0.10    0.00    6.12 ^ output51/A (sky130_fd_sc_hd__buf_12)
     1    0.19    0.17    0.19    6.31 ^ output51/X (sky130_fd_sc_hd__buf_12)
                                         wbs_ack_o (net)
                  0.17    0.00    6.31 ^ wbs_ack_o (out)
                                  6.31   data arrival time

                         50.00   50.00   clock clk (rise edge)
                          4.65   54.65   clock network delay (propagated)
                         -0.10   54.55   clock uncertainty
                          0.00   54.55   clock reconvergence pessimism
                         -8.41   46.14   output external delay
                                 46.14   data required time
-----------------------------------------------------------------------------
                                 46.14   data required time
                                 -6.31   data arrival time
-----------------------------------------------------------------------------
                                 39.83   slack (MET)



worst slack corner Fastest: 11.7876
======================= Slowest Corner ===================================

Startpoint: wb_rst_i (input port clocked by clk)
Endpoint: _19_ (recovery check against rising-edge clock clk)
Path Group: asynchronous
Path Type: max
Corner: Slowest

Fanout     Cap    Slew   Delay    Time   Description
-----------------------------------------------------------------------------
                          0.00    0.00   clock clk (rise edge)
                          5.57    5.57   clock network delay (propagated)
                         12.50   18.07 v input external delay
     1    0.00    0.00    0.00   18.07 v wb_rst_i (in)
                                         wb_rst_i (net)
                  0.00    0.00   18.07 v input1/A (sky130_fd_sc_hd__clkbuf_1)
     1    0.01    0.09    0.17   18.24 v input1/X (sky130_fd_sc_hd__clkbuf_1)
                                         net1 (net)
                  0.09    0.00   18.24 v _18_/A (sky130_fd_sc_hd__inv_2)
     1    0.01    0.05    0.09   18.33 ^ _18_/Y (sky130_fd_sc_hd__inv_2)
                                         _01_ (net)
                  0.05    0.00   18.33 ^ _19_/RESET_B (sky130_fd_sc_hd__dfrtp_1)
                                 18.33   data arrival time

                         25.00   25.00   clock clk (rise edge)
                          4.65   29.65   clock source latency
     1    0.08    0.61    0.00   29.65 ^ wb_clk_i (in)
                                         wb_clk_i (net)
                  0.61    0.00   29.65 ^ clkbuf_0_wb_clk_i/A (sky130_fd_sc_hd__clkbuf_16)
     2    0.07    0.14    0.49   30.14 ^ clkbuf_0_wb_clk_i/X (sky130_fd_sc_hd__clkbuf_16)
                                         clknet_0_wb_clk_i (net)
                  0.14    0.00   30.14 ^ clkbuf_1_0__f_wb_clk_i/A (sky130_fd_sc_hd__clkbuf_16)
     1    0.02    0.06    0.24   30.38 ^ clkbuf_1_0__f_wb_clk_i/X (sky130_fd_sc_hd__clkbuf_16)
                                         clknet_1_0__leaf_wb_clk_i (net)
                  0.06    0.00   30.38 ^ _19_/CLK (sky130_fd_sc_hd__dfrtp_1)
                         -0.10   30.28   clock uncertainty
                          0.00   30.28   clock reconvergence pessimism
                          0.47   30.75   library recovery time
                                 30.75   data required time
-----------------------------------------------------------------------------
                                 30.75   data required time
                                -18.33   data arrival time
-----------------------------------------------------------------------------
                                 12.41   slack (MET)


Startpoint: _19_ (rising edge-triggered flip-flop clocked by clk)
Endpoint: _19_ (rising edge-triggered flip-flop clocked by clk)
Path Group: clk
Path Type: max
Corner: Slowest

Fanout     Cap    Slew   Delay    Time   Description
-----------------------------------------------------------------------------
                          0.00    0.00   clock clk (rise edge)
                          5.57    5.57   clock source latency
     1    0.08    0.61    0.00    5.57 ^ wb_clk_i (in)
                                         wb_clk_i (net)
                  0.61    0.00    5.57 ^ clkbuf_0_wb_clk_i/A (sky130_fd_sc_hd__clkbuf_16)
     2    0.07    0.14    0.54    6.11 ^ clkbuf_0_wb_clk_i/X (sky130_fd_sc_hd__clkbuf_16)
                                         clknet_0_wb_clk_i (net)
                  0.14    0.00    6.12 ^ clkbuf_1_0__f_wb_clk_i/A (sky130_fd_sc_hd__clkbuf_16)
     1    0.02    0.06    0.26    6.38 ^ clkbuf_1_0__f_wb_clk_i/X (sky130_fd_sc_hd__clkbuf_16)
                                         clknet_1_0__leaf_wb_clk_i (net)
                  0.06    0.00    6.38 ^ _19_/CLK (sky130_fd_sc_hd__dfrtp_1)
     2    0.01    0.21    0.79    7.17 ^ _19_/Q (sky130_fd_sc_hd__dfrtp_1)
                                         net51 (net)
                  0.21    0.00    7.17 ^ _16_/A_N (sky130_fd_sc_hd__and3b_1)
     1    0.00    0.07    0.42    7.59 v _16_/X (sky130_fd_sc_hd__and3b_1)
                                         _03_ (net)
                  0.07    0.00    7.59 v _17_/A (sky130_fd_sc_hd__clkbuf_1)
     1    0.00    0.05    0.17    7.76 v _17_/X (sky130_fd_sc_hd__clkbuf_1)
                                         _00_ (net)
                  0.05    0.00    7.76 v _19_/D (sky130_fd_sc_hd__dfrtp_1)
                                  7.76   data arrival time

                         25.00   25.00   clock clk (rise edge)
                          4.65   29.65   clock source latency
     1    0.08    0.61    0.00   29.65 ^ wb_clk_i (in)
                                         wb_clk_i (net)
                  0.61    0.00   29.65 ^ clkbuf_0_wb_clk_i/A (sky130_fd_sc_hd__clkbuf_16)
     2    0.07    0.14    0.49   30.14 ^ clkbuf_0_wb_clk_i/X (sky130_fd_sc_hd__clkbuf_16)
                                         clknet_0_wb_clk_i (net)
                  0.14    0.00   30.14 ^ clkbuf_1_0__f_wb_clk_i/A (sky130_fd_sc_hd__clkbuf_16)
     1    0.02    0.06    0.24   30.38 ^ clkbuf_1_0__f_wb_clk_i/X (sky130_fd_sc_hd__clkbuf_16)
                                         clknet_1_0__leaf_wb_clk_i (net)
                  0.06    0.00   30.38 ^ _19_/CLK (sky130_fd_sc_hd__dfrtp_1)
                         -0.10   30.28   clock uncertainty
                          1.00   31.28   clock reconvergence pessimism
                         -0.27   31.01   library setup time
                                 31.01   data required time
-----------------------------------------------------------------------------
                                 31.01   data required time
                                 -7.76   data arrival time
-----------------------------------------------------------------------------
                                 23.25   slack (MET)


Startpoint: _19_ (rising edge-triggered flip-flop clocked by clk)
Endpoint: wbs_ack_o (output port clocked by clk)
Path Group: clk
Path Type: max
Corner: Slowest

Fanout     Cap    Slew   Delay    Time   Description
-----------------------------------------------------------------------------
                          0.00    0.00   clock clk (rise edge)
                          5.57    5.57   clock source latency
     1    0.08    0.61    0.00    5.57 ^ wb_clk_i (in)
                                         wb_clk_i (net)
                  0.61    0.00    5.57 ^ clkbuf_0_wb_clk_i/A (sky130_fd_sc_hd__clkbuf_16)
     2    0.07    0.14    0.54    6.11 ^ clkbuf_0_wb_clk_i/X (sky130_fd_sc_hd__clkbuf_16)
                                         clknet_0_wb_clk_i (net)
                  0.14    0.00    6.12 ^ clkbuf_1_0__f_wb_clk_i/A (sky130_fd_sc_hd__clkbuf_16)
     1    0.02    0.06    0.26    6.38 ^ clkbuf_1_0__f_wb_clk_i/X (sky130_fd_sc_hd__clkbuf_16)
                                         clknet_1_0__leaf_wb_clk_i (net)
                  0.06    0.00    6.38 ^ _19_/CLK (sky130_fd_sc_hd__dfrtp_1)
     2    0.01    0.16    0.87    7.24 v _19_/Q (sky130_fd_sc_hd__dfrtp_1)
                                         net51 (net)
                  0.16    0.00    7.24 v output51/A (sky130_fd_sc_hd__buf_12)
     1    0.19    0.17    0.41    7.65 v output51/X (sky130_fd_sc_hd__buf_12)
                                         wbs_ack_o (net)
                  0.17    0.00    7.65 v wbs_ack_o (out)
                                  7.65   data arrival time

                         50.00   50.00   clock clk (rise edge)
                          4.65   54.65   clock network delay (propagated)
                         -0.10   54.55   clock uncertainty
                          0.00   54.55   clock reconvergence pessimism
                         -8.41   46.14   output external delay
                                 46.14   data required time
-----------------------------------------------------------------------------
                                 46.14   data required time
                                 -7.65   data arrival time
-----------------------------------------------------------------------------
                                 38.49   slack (MET)



worst slack corner Slowest: 12.4147
======================= Typical Corner ===================================

Startpoint: wb_rst_i (input port clocked by clk)
Endpoint: _19_ (recovery check against rising-edge clock clk)
Path Group: asynchronous
Path Type: max
Corner: Typical

Fanout     Cap    Slew   Delay    Time   Description
-----------------------------------------------------------------------------
                          0.00    0.00   clock clk (rise edge)
                          5.57    5.57   clock network delay (propagated)
                         12.50   18.07 v input external delay
     1    0.00    0.00    0.00   18.07 v wb_rst_i (in)
                                         wb_rst_i (net)
                  0.00    0.00   18.07 v input1/A (sky130_fd_sc_hd__clkbuf_1)
     1    0.01    0.05    0.09   18.16 v input1/X (sky130_fd_sc_hd__clkbuf_1)
                                         net1 (net)
                  0.05    0.00   18.16 v _18_/A (sky130_fd_sc_hd__inv_2)
     1    0.01    0.03    0.05   18.21 ^ _18_/Y (sky130_fd_sc_hd__inv_2)
                                         _01_ (net)
                  0.03    0.00   18.21 ^ _19_/RESET_B (sky130_fd_sc_hd__dfrtp_1)
                                 18.21   data arrival time

                         25.00   25.00   clock clk (rise edge)
                          4.65   29.65   clock source latency
     1    0.08    0.61    0.00   29.65 ^ wb_clk_i (in)
                                         wb_clk_i (net)
                  0.61    0.00   29.65 ^ clkbuf_0_wb_clk_i/A (sky130_fd_sc_hd__clkbuf_16)
     2    0.07    0.10    0.29   29.94 ^ clkbuf_0_wb_clk_i/X (sky130_fd_sc_hd__clkbuf_16)
                                         clknet_0_wb_clk_i (net)
                  0.10    0.00   29.94 ^ clkbuf_1_0__f_wb_clk_i/A (sky130_fd_sc_hd__clkbuf_16)
     1    0.02    0.04    0.13   30.08 ^ clkbuf_1_0__f_wb_clk_i/X (sky130_fd_sc_hd__clkbuf_16)
                                         clknet_1_0__leaf_wb_clk_i (net)
                  0.04    0.00   30.08 ^ _19_/CLK (sky130_fd_sc_hd__dfrtp_1)
                         -0.10   29.98   clock uncertainty
                          0.00   29.98   clock reconvergence pessimism
                          0.23   30.21   library recovery time
                                 30.21   data required time
-----------------------------------------------------------------------------
                                 30.21   data required time
                                -18.21   data arrival time
-----------------------------------------------------------------------------
                                 11.99   slack (MET)


Startpoint: _19_ (rising edge-triggered flip-flop clocked by clk)
Endpoint: _19_ (rising edge-triggered flip-flop clocked by clk)
Path Group: clk
Path Type: max
Corner: Typical

Fanout     Cap    Slew   Delay    Time   Description
-----------------------------------------------------------------------------
                          0.00    0.00   clock clk (rise edge)
                          5.57    5.57   clock source latency
     1    0.08    0.61    0.00    5.57 ^ wb_clk_i (in)
                                         wb_clk_i (net)
                  0.61    0.00    5.57 ^ clkbuf_0_wb_clk_i/A (sky130_fd_sc_hd__clkbuf_16)
     2    0.07    0.10    0.32    5.89 ^ clkbuf_0_wb_clk_i/X (sky130_fd_sc_hd__clkbuf_16)
                                         clknet_0_wb_clk_i (net)
                  0.10    0.00    5.89 ^ clkbuf_1_0__f_wb_clk_i/A (sky130_fd_sc_hd__clkbuf_16)
     1    0.02    0.04    0.15    6.04 ^ clkbuf_1_0__f_wb_clk_i/X (sky130_fd_sc_hd__clkbuf_16)
                                         clknet_1_0__leaf_wb_clk_i (net)
                  0.04    0.00    6.04 ^ _19_/CLK (sky130_fd_sc_hd__dfrtp_1)
     2    0.01    0.13    0.40    6.45 ^ _19_/Q (sky130_fd_sc_hd__dfrtp_1)
                                         net51 (net)
                  0.13    0.00    6.45 ^ _16_/A_N (sky130_fd_sc_hd__and3b_1)
     1    0.00    0.03    0.20    6.64 v _16_/X (sky130_fd_sc_hd__and3b_1)
                                         _03_ (net)
                  0.03    0.00    6.64 v _17_/A (sky130_fd_sc_hd__clkbuf_1)
     1    0.00    0.03    0.09    6.73 v _17_/X (sky130_fd_sc_hd__clkbuf_1)
                                         _00_ (net)
                  0.03    0.00    6.73 v _19_/D (sky130_fd_sc_hd__dfrtp_1)
                                  6.73   data arrival time

                         25.00   25.00   clock clk (rise edge)
                          4.65   29.65   clock source latency
     1    0.08    0.61    0.00   29.65 ^ wb_clk_i (in)
                                         wb_clk_i (net)
                  0.61    0.00   29.65 ^ clkbuf_0_wb_clk_i/A (sky130_fd_sc_hd__clkbuf_16)
     2    0.07    0.10    0.29   29.94 ^ clkbuf_0_wb_clk_i/X (sky130_fd_sc_hd__clkbuf_16)
                                         clknet_0_wb_clk_i (net)
                  0.10    0.00   29.94 ^ clkbuf_1_0__f_wb_clk_i/A (sky130_fd_sc_hd__clkbuf_16)
     1    0.02    0.04    0.13   30.08 ^ clkbuf_1_0__f_wb_clk_i/X (sky130_fd_sc_hd__clkbuf_16)
                                         clknet_1_0__leaf_wb_clk_i (net)
                  0.04    0.00   30.08 ^ _19_/CLK (sky130_fd_sc_hd__dfrtp_1)
                         -0.10   29.98   clock uncertainty
                          0.96   30.94   clock reconvergence pessimism
                         -0.11   30.83   library setup time
                                 30.83   data required time
-----------------------------------------------------------------------------
                                 30.83   data required time
                                 -6.73   data arrival time
-----------------------------------------------------------------------------
                                 24.10   slack (MET)


Startpoint: _19_ (rising edge-triggered flip-flop clocked by clk)
Endpoint: wbs_ack_o (output port clocked by clk)
Path Group: clk
Path Type: max
Corner: Typical

Fanout     Cap    Slew   Delay    Time   Description
-----------------------------------------------------------------------------
                          0.00    0.00   clock clk (rise edge)
                          5.57    5.57   clock source latency
     1    0.08    0.61    0.00    5.57 ^ wb_clk_i (in)
                                         wb_clk_i (net)
                  0.61    0.00    5.57 ^ clkbuf_0_wb_clk_i/A (sky130_fd_sc_hd__clkbuf_16)
     2    0.07    0.10    0.32    5.89 ^ clkbuf_0_wb_clk_i/X (sky130_fd_sc_hd__clkbuf_16)
                                         clknet_0_wb_clk_i (net)
                  0.10    0.00    5.89 ^ clkbuf_1_0__f_wb_clk_i/A (sky130_fd_sc_hd__clkbuf_16)
     1    0.02    0.04    0.15    6.04 ^ clkbuf_1_0__f_wb_clk_i/X (sky130_fd_sc_hd__clkbuf_16)
                                         clknet_1_0__leaf_wb_clk_i (net)
                  0.04    0.00    6.04 ^ _19_/CLK (sky130_fd_sc_hd__dfrtp_1)
     2    0.01    0.13    0.40    6.45 ^ _19_/Q (sky130_fd_sc_hd__dfrtp_1)
                                         net51 (net)
                  0.13    0.00    6.45 ^ output51/A (sky130_fd_sc_hd__buf_12)
     1    0.19    0.22    0.27    6.72 ^ output51/X (sky130_fd_sc_hd__buf_12)
                                         wbs_ack_o (net)
                  0.22    0.00    6.72 ^ wbs_ack_o (out)
                                  6.72   data arrival time

                         50.00   50.00   clock clk (rise edge)
                          4.65   54.65   clock network delay (propagated)
                         -0.10   54.55   clock uncertainty
                          0.00   54.55   clock reconvergence pessimism
                         -8.41   46.14   output external delay
                                 46.14   data required time
-----------------------------------------------------------------------------
                                 46.14   data required time
                                 -6.72   data arrival time
-----------------------------------------------------------------------------
                                 39.42   slack (MET)



worst slack corner Typical: 11.9943
