
===========================================================================
 report_power
============================================================================
======================= Fastest Corner ===================================

Group                  Internal  Switching    Leakage      Total
                          Power      Power      Power      Power (Watts)
----------------------------------------------------------------
Sequential             2.00e-06   1.14e-07   1.89e-09   2.11e-06   2.3%
Combinational          2.49e-05   2.43e-05   6.01e-09   4.92e-05  54.1%
Clock                  2.41e-05   1.55e-05   2.75e-09   3.97e-05  43.6%
Macro                  0.00e+00   0.00e+00   0.00e+00   0.00e+00   0.0%
Pad                    0.00e+00   0.00e+00   0.00e+00   0.00e+00   0.0%
----------------------------------------------------------------
Total                  5.10e-05   3.99e-05   1.07e-08   9.09e-05 100.0%
                          56.1%      43.9%       0.0%

======================= Slowest Corner ===================================

Group                  Internal  Switching    Leakage      Total
                          Power      Power      Power      Power (Watts)
----------------------------------------------------------------
Sequential             1.33e-06   7.41e-08   1.87e-08   1.43e-06   2.3%
Combinational          1.67e-05   1.62e-05   1.78e-06   3.47e-05  54.9%
Clock                  1.66e-05   1.04e-05   5.96e-08   2.71e-05  42.9%
Macro                  0.00e+00   0.00e+00   0.00e+00   0.00e+00   0.0%
Pad                    0.00e+00   0.00e+00   0.00e+00   0.00e+00   0.0%
----------------------------------------------------------------
Total                  3.47e-05   2.67e-05   1.86e-06   6.32e-05 100.0%
                          54.8%      42.2%       2.9%

======================= Typical Corner ===================================

Group                  Internal  Switching    Leakage      Total
                          Power      Power      Power      Power (Watts)
----------------------------------------------------------------
Sequential             1.72e-06   9.60e-08   1.89e-09   1.82e-06   2.4%
Combinational          2.10e-05   2.06e-05   1.21e-09   4.16e-05  54.0%
Clock                  2.05e-05   1.32e-05   2.60e-09   3.37e-05  43.7%
Macro                  0.00e+00   0.00e+00   0.00e+00   0.00e+00   0.0%
Pad                    0.00e+00   0.00e+00   0.00e+00   0.00e+00   0.0%
----------------------------------------------------------------
Total                  4.32e-05   3.39e-05   5.70e-09   7.71e-05 100.0%
                          56.0%      43.9%       0.0%

