
===========================================================================
report_checks -path_delay max (Setup)
============================================================================
======================= Fastest Corner ===================================

Startpoint: wb_rst_i (input port clocked by clk)
Endpoint: _19_ (recovery check against rising-edge clock clk)
Path Group: asynchronous
Path Type: max
Corner: Fastest

Fanout     Cap    Slew   Delay    Time   Description
-----------------------------------------------------------------------------
                          0.00    0.00   clock clk (rise edge)
                          5.57    5.57   clock network delay (propagated)
                         12.50   18.07 v input external delay
     1    0.00    0.00    0.00   18.07 v wb_rst_i (in)
                                         wb_rst_i (net)
                  0.00    0.00   18.07 v input1/A (sky130_fd_sc_hd__clkbuf_1)
     1    0.01    0.03    0.06   18.13 v input1/X (sky130_fd_sc_hd__clkbuf_1)
                                         net1 (net)
                  0.03    0.00   18.13 v _18_/A (sky130_fd_sc_hd__inv_2)
     1    0.01    0.03    0.04   18.17 ^ _18_/Y (sky130_fd_sc_hd__inv_2)
                                         _01_ (net)
                  0.03    0.00   18.17 ^ _19_/RESET_B (sky130_fd_sc_hd__dfrtp_1)
                                 18.17   data arrival time

                         25.00   25.00   clock clk (rise edge)
                          4.65   29.65   clock source latency
     1    0.08    0.61    0.00   29.65 ^ wb_clk_i (in)
                                         wb_clk_i (net)
                  0.62    0.00   29.65 ^ clkbuf_0_wb_clk_i/A (sky130_fd_sc_hd__clkbuf_16)
     2    0.07    0.08    0.16   29.82 ^ clkbuf_0_wb_clk_i/X (sky130_fd_sc_hd__clkbuf_16)
                                         clknet_0_wb_clk_i (net)
                  0.08    0.00   29.82 ^ clkbuf_1_0__f_wb_clk_i/A (sky130_fd_sc_hd__clkbuf_16)
     1    0.01    0.03    0.09   29.91 ^ clkbuf_1_0__f_wb_clk_i/X (sky130_fd_sc_hd__clkbuf_16)
                                         clknet_1_0__leaf_wb_clk_i (net)
                  0.03    0.00   29.91 ^ _19_/CLK (sky130_fd_sc_hd__dfrtp_1)
                         -0.10   29.81   clock uncertainty
                          0.00   29.81   clock reconvergence pessimism
                          0.14   29.96   library recovery time
                                 29.96   data required time
-----------------------------------------------------------------------------
                                 29.96   data required time
                                -18.17   data arrival time
-----------------------------------------------------------------------------
                                 11.79   slack (MET)


Startpoint: _19_ (rising edge-triggered flip-flop clocked by clk)
Endpoint: _19_ (rising edge-triggered flip-flop clocked by clk)
Path Group: clk
Path Type: max
Corner: Fastest

Fanout     Cap    Slew   Delay    Time   Description
-----------------------------------------------------------------------------
                          0.00    0.00   clock clk (rise edge)
                          5.57    5.57   clock source latency
     1    0.08    0.61    0.00    5.57 ^ wb_clk_i (in)
                                         wb_clk_i (net)
                  0.62    0.00    5.57 ^ clkbuf_0_wb_clk_i/A (sky130_fd_sc_hd__clkbuf_16)
     2    0.07    0.08    0.18    5.76 ^ clkbuf_0_wb_clk_i/X (sky130_fd_sc_hd__clkbuf_16)
                                         clknet_0_wb_clk_i (net)
                  0.08    0.00    5.76 ^ clkbuf_1_0__f_wb_clk_i/A (sky130_fd_sc_hd__clkbuf_16)
     1    0.01    0.03    0.10    5.86 ^ clkbuf_1_0__f_wb_clk_i/X (sky130_fd_sc_hd__clkbuf_16)
                                         clknet_1_0__leaf_wb_clk_i (net)
                  0.03    0.00    5.86 ^ _19_/CLK (sky130_fd_sc_hd__dfrtp_1)
     2    0.02    0.11    0.27    6.13 ^ _19_/Q (sky130_fd_sc_hd__dfrtp_1)
                                         net51 (net)
                  0.11    0.00    6.13 ^ _16_/A_N (sky130_fd_sc_hd__and3b_1)
     1    0.00    0.03    0.12    6.25 v _16_/X (sky130_fd_sc_hd__and3b_1)
                                         _03_ (net)
                  0.03    0.00    6.25 v _17_/A (sky130_fd_sc_hd__clkbuf_1)
     1    0.00    0.02    0.06    6.31 v _17_/X (sky130_fd_sc_hd__clkbuf_1)
                                         _00_ (net)
                  0.02    0.00    6.31 v _19_/D (sky130_fd_sc_hd__dfrtp_1)
                                  6.31   data arrival time

                         25.00   25.00   clock clk (rise edge)
                          4.65   29.65   clock source latency
     1    0.08    0.61    0.00   29.65 ^ wb_clk_i (in)
                                         wb_clk_i (net)
                  0.62    0.00   29.65 ^ clkbuf_0_wb_clk_i/A (sky130_fd_sc_hd__clkbuf_16)
     2    0.07    0.08    0.16   29.82 ^ clkbuf_0_wb_clk_i/X (sky130_fd_sc_hd__clkbuf_16)
                                         clknet_0_wb_clk_i (net)
                  0.08    0.00   29.82 ^ clkbuf_1_0__f_wb_clk_i/A (sky130_fd_sc_hd__clkbuf_16)
     1    0.01    0.03    0.09   29.91 ^ clkbuf_1_0__f_wb_clk_i/X (sky130_fd_sc_hd__clkbuf_16)
                                         clknet_1_0__leaf_wb_clk_i (net)
                  0.03    0.00   29.91 ^ _19_/CLK (sky130_fd_sc_hd__dfrtp_1)
                         -0.10   29.81   clock uncertainty
                          0.95   30.76   clock reconvergence pessimism
                         -0.07   30.69   library setup time
                                 30.69   data required time
-----------------------------------------------------------------------------
                                 30.69   data required time
                                 -6.31   data arrival time
-----------------------------------------------------------------------------
                                 24.38   slack (MET)


Startpoint: _19_ (rising edge-triggered flip-flop clocked by clk)
Endpoint: wbs_ack_o (output port clocked by clk)
Path Group: clk
Path Type: max
Corner: Fastest

Fanout     Cap    Slew   Delay    Time   Description
-----------------------------------------------------------------------------
                          0.00    0.00   clock clk (rise edge)
                          5.57    5.57   clock source latency
     1    0.08    0.61    0.00    5.57 ^ wb_clk_i (in)
                                         wb_clk_i (net)
                  0.62    0.00    5.57 ^ clkbuf_0_wb_clk_i/A (sky130_fd_sc_hd__clkbuf_16)
     2    0.07    0.08    0.18    5.76 ^ clkbuf_0_wb_clk_i/X (sky130_fd_sc_hd__clkbuf_16)
                                         clknet_0_wb_clk_i (net)
                  0.08    0.00    5.76 ^ clkbuf_1_0__f_wb_clk_i/A (sky130_fd_sc_hd__clkbuf_16)
     1    0.01    0.03    0.10    5.86 ^ clkbuf_1_0__f_wb_clk_i/X (sky130_fd_sc_hd__clkbuf_16)
                                         clknet_1_0__leaf_wb_clk_i (net)
                  0.03    0.00    5.86 ^ _19_/CLK (sky130_fd_sc_hd__dfrtp_1)
     2    0.02    0.11    0.27    6.13 ^ _19_/Q (sky130_fd_sc_hd__dfrtp_1)
                                         net51 (net)
                  0.11    0.00    6.13 ^ output51/A (sky130_fd_sc_hd__buf_12)
     1    0.19    0.17    0.19    6.32 ^ output51/X (sky130_fd_sc_hd__buf_12)
                                         wbs_ack_o (net)
                  0.17    0.00    6.32 ^ wbs_ack_o (out)
                                  6.32   data arrival time

                         50.00   50.00   clock clk (rise edge)
                          4.65   54.65   clock network delay (propagated)
                         -0.10   54.55   clock uncertainty
                          0.00   54.55   clock reconvergence pessimism
                         -8.41   46.14   output external delay
                                 46.14   data required time
-----------------------------------------------------------------------------
                                 46.14   data required time
                                 -6.32   data arrival time
-----------------------------------------------------------------------------
                                 39.82   slack (MET)



worst slack corner Fastest: 11.7894
======================= Slowest Corner ===================================

Startpoint: wb_rst_i (input port clocked by clk)
Endpoint: _19_ (recovery check against rising-edge clock clk)
Path Group: asynchronous
Path Type: max
Corner: Slowest

Fanout     Cap    Slew   Delay    Time   Description
-----------------------------------------------------------------------------
                          0.00    0.00   clock clk (rise edge)
                          5.57    5.57   clock network delay (propagated)
                         12.50   18.07 v input external delay
     1    0.00    0.00    0.00   18.07 v wb_rst_i (in)
                                         wb_rst_i (net)
                  0.00    0.00   18.07 v input1/A (sky130_fd_sc_hd__clkbuf_1)
     1    0.01    0.09    0.17   18.24 v input1/X (sky130_fd_sc_hd__clkbuf_1)
                                         net1 (net)
                  0.09    0.00   18.24 v _18_/A (sky130_fd_sc_hd__inv_2)
     1    0.01    0.05    0.09   18.33 ^ _18_/Y (sky130_fd_sc_hd__inv_2)
                                         _01_ (net)
                  0.05    0.00   18.33 ^ _19_/RESET_B (sky130_fd_sc_hd__dfrtp_1)
                                 18.33   data arrival time

                         25.00   25.00   clock clk (rise edge)
                          4.65   29.65   clock source latency
     1    0.08    0.61    0.00   29.65 ^ wb_clk_i (in)
                                         wb_clk_i (net)
                  0.62    0.00   29.65 ^ clkbuf_0_wb_clk_i/A (sky130_fd_sc_hd__clkbuf_16)
     2    0.07    0.14    0.49   30.14 ^ clkbuf_0_wb_clk_i/X (sky130_fd_sc_hd__clkbuf_16)
                                         clknet_0_wb_clk_i (net)
                  0.14    0.00   30.15 ^ clkbuf_1_0__f_wb_clk_i/A (sky130_fd_sc_hd__clkbuf_16)
     1    0.01    0.06    0.23   30.38 ^ clkbuf_1_0__f_wb_clk_i/X (sky130_fd_sc_hd__clkbuf_16)
                                         clknet_1_0__leaf_wb_clk_i (net)
                  0.06    0.00   30.38 ^ _19_/CLK (sky130_fd_sc_hd__dfrtp_1)
                         -0.10   30.28   clock uncertainty
                          0.00   30.28   clock reconvergence pessimism
                          0.47   30.75   library recovery time
                                 30.75   data required time
-----------------------------------------------------------------------------
                                 30.75   data required time
                                -18.33   data arrival time
-----------------------------------------------------------------------------
                                 12.42   slack (MET)


Startpoint: _19_ (rising edge-triggered flip-flop clocked by clk)
Endpoint: _19_ (rising edge-triggered flip-flop clocked by clk)
Path Group: clk
Path Type: max
Corner: Slowest

Fanout     Cap    Slew   Delay    Time   Description
-----------------------------------------------------------------------------
                          0.00    0.00   clock clk (rise edge)
                          5.57    5.57   clock source latency
     1    0.08    0.61    0.00    5.57 ^ wb_clk_i (in)
                                         wb_clk_i (net)
                  0.62    0.00    5.57 ^ clkbuf_0_wb_clk_i/A (sky130_fd_sc_hd__clkbuf_16)
     2    0.07    0.14    0.54    6.12 ^ clkbuf_0_wb_clk_i/X (sky130_fd_sc_hd__clkbuf_16)
                                         clknet_0_wb_clk_i (net)
                  0.14    0.00    6.12 ^ clkbuf_1_0__f_wb_clk_i/A (sky130_fd_sc_hd__clkbuf_16)
     1    0.01    0.06    0.26    6.38 ^ clkbuf_1_0__f_wb_clk_i/X (sky130_fd_sc_hd__clkbuf_16)
                                         clknet_1_0__leaf_wb_clk_i (net)
                  0.06    0.00    6.38 ^ _19_/CLK (sky130_fd_sc_hd__dfrtp_1)
     2    0.02    0.23    0.80    7.19 ^ _19_/Q (sky130_fd_sc_hd__dfrtp_1)
                                         net51 (net)
                  0.23    0.00    7.19 ^ _16_/A_N (sky130_fd_sc_hd__and3b_1)
     1    0.00    0.07    0.43    7.61 v _16_/X (sky130_fd_sc_hd__and3b_1)
                                         _03_ (net)
                  0.07    0.00    7.61 v _17_/A (sky130_fd_sc_hd__clkbuf_1)
     1    0.00    0.06    0.17    7.79 v _17_/X (sky130_fd_sc_hd__clkbuf_1)
                                         _00_ (net)
                  0.06    0.00    7.79 v _19_/D (sky130_fd_sc_hd__dfrtp_1)
                                  7.79   data arrival time

                         25.00   25.00   clock clk (rise edge)
                          4.65   29.65   clock source latency
     1    0.08    0.61    0.00   29.65 ^ wb_clk_i (in)
                                         wb_clk_i (net)
                  0.62    0.00   29.65 ^ clkbuf_0_wb_clk_i/A (sky130_fd_sc_hd__clkbuf_16)
     2    0.07    0.14    0.49   30.14 ^ clkbuf_0_wb_clk_i/X (sky130_fd_sc_hd__clkbuf_16)
                                         clknet_0_wb_clk_i (net)
                  0.14    0.00   30.15 ^ clkbuf_1_0__f_wb_clk_i/A (sky130_fd_sc_hd__clkbuf_16)
     1    0.01    0.06    0.23   30.38 ^ clkbuf_1_0__f_wb_clk_i/X (sky130_fd_sc_hd__clkbuf_16)
                                         clknet_1_0__leaf_wb_clk_i (net)
                  0.06    0.00   30.38 ^ _19_/CLK (sky130_fd_sc_hd__dfrtp_1)
                         -0.10   30.28   clock uncertainty
                          1.00   31.28   clock reconvergence pessimism
                         -0.27   31.01   library setup time
                                 31.01   data required time
-----------------------------------------------------------------------------
                                 31.01   data required time
                                 -7.79   data arrival time
-----------------------------------------------------------------------------
                                 23.22   slack (MET)


Startpoint: _19_ (rising edge-triggered flip-flop clocked by clk)
Endpoint: wbs_ack_o (output port clocked by clk)
Path Group: clk
Path Type: max
Corner: Slowest

Fanout     Cap    Slew   Delay    Time   Description
-----------------------------------------------------------------------------
                          0.00    0.00   clock clk (rise edge)
                          5.57    5.57   clock source latency
     1    0.08    0.61    0.00    5.57 ^ wb_clk_i (in)
                                         wb_clk_i (net)
                  0.62    0.00    5.57 ^ clkbuf_0_wb_clk_i/A (sky130_fd_sc_hd__clkbuf_16)
     2    0.07    0.14    0.54    6.12 ^ clkbuf_0_wb_clk_i/X (sky130_fd_sc_hd__clkbuf_16)
                                         clknet_0_wb_clk_i (net)
                  0.14    0.00    6.12 ^ clkbuf_1_0__f_wb_clk_i/A (sky130_fd_sc_hd__clkbuf_16)
     1    0.01    0.06    0.26    6.38 ^ clkbuf_1_0__f_wb_clk_i/X (sky130_fd_sc_hd__clkbuf_16)
                                         clknet_1_0__leaf_wb_clk_i (net)
                  0.06    0.00    6.38 ^ _19_/CLK (sky130_fd_sc_hd__dfrtp_1)
     2    0.01    0.17    0.88    7.26 v _19_/Q (sky130_fd_sc_hd__dfrtp_1)
                                         net51 (net)
                  0.17    0.00    7.26 v output51/A (sky130_fd_sc_hd__buf_12)
     1    0.19    0.17    0.41    7.67 v output51/X (sky130_fd_sc_hd__buf_12)
                                         wbs_ack_o (net)
                  0.17    0.00    7.68 v wbs_ack_o (out)
                                  7.68   data arrival time

                         50.00   50.00   clock clk (rise edge)
                          4.65   54.65   clock network delay (propagated)
                         -0.10   54.55   clock uncertainty
                          0.00   54.55   clock reconvergence pessimism
                         -8.41   46.14   output external delay
                                 46.14   data required time
-----------------------------------------------------------------------------
                                 46.14   data required time
                                 -7.68   data arrival time
-----------------------------------------------------------------------------
                                 38.46   slack (MET)



worst slack corner Slowest: 12.4170
======================= Typical Corner ===================================

Startpoint: wb_rst_i (input port clocked by clk)
Endpoint: _19_ (recovery check against rising-edge clock clk)
Path Group: asynchronous
Path Type: max
Corner: Typical

Fanout     Cap    Slew   Delay    Time   Description
-----------------------------------------------------------------------------
                          0.00    0.00   clock clk (rise edge)
                          5.57    5.57   clock network delay (propagated)
                         12.50   18.07 v input external delay
     1    0.00    0.00    0.00   18.07 v wb_rst_i (in)
                                         wb_rst_i (net)
                  0.00    0.00   18.07 v input1/A (sky130_fd_sc_hd__clkbuf_1)
     1    0.01    0.05    0.09   18.16 v input1/X (sky130_fd_sc_hd__clkbuf_1)
                                         net1 (net)
                  0.05    0.00   18.16 v _18_/A (sky130_fd_sc_hd__inv_2)
     1    0.01    0.03    0.05   18.21 ^ _18_/Y (sky130_fd_sc_hd__inv_2)
                                         _01_ (net)
                  0.03    0.00   18.21 ^ _19_/RESET_B (sky130_fd_sc_hd__dfrtp_1)
                                 18.21   data arrival time

                         25.00   25.00   clock clk (rise edge)
                          4.65   29.65   clock source latency
     1    0.08    0.61    0.00   29.65 ^ wb_clk_i (in)
                                         wb_clk_i (net)
                  0.62    0.00   29.65 ^ clkbuf_0_wb_clk_i/A (sky130_fd_sc_hd__clkbuf_16)
     2    0.07    0.10    0.29   29.94 ^ clkbuf_0_wb_clk_i/X (sky130_fd_sc_hd__clkbuf_16)
                                         clknet_0_wb_clk_i (net)
                  0.10    0.00   29.95 ^ clkbuf_1_0__f_wb_clk_i/A (sky130_fd_sc_hd__clkbuf_16)
     1    0.01    0.04    0.13   30.08 ^ clkbuf_1_0__f_wb_clk_i/X (sky130_fd_sc_hd__clkbuf_16)
                                         clknet_1_0__leaf_wb_clk_i (net)
                  0.04    0.00   30.08 ^ _19_/CLK (sky130_fd_sc_hd__dfrtp_1)
                         -0.10   29.98   clock uncertainty
                          0.00   29.98   clock reconvergence pessimism
                          0.23   30.21   library recovery time
                                 30.21   data required time
-----------------------------------------------------------------------------
                                 30.21   data required time
                                -18.21   data arrival time
-----------------------------------------------------------------------------
                                 12.00   slack (MET)


Startpoint: _19_ (rising edge-triggered flip-flop clocked by clk)
Endpoint: _19_ (rising edge-triggered flip-flop clocked by clk)
Path Group: clk
Path Type: max
Corner: Typical

Fanout     Cap    Slew   Delay    Time   Description
-----------------------------------------------------------------------------
                          0.00    0.00   clock clk (rise edge)
                          5.57    5.57   clock source latency
     1    0.08    0.61    0.00    5.57 ^ wb_clk_i (in)
                                         wb_clk_i (net)
                  0.62    0.00    5.57 ^ clkbuf_0_wb_clk_i/A (sky130_fd_sc_hd__clkbuf_16)
     2    0.07    0.10    0.32    5.89 ^ clkbuf_0_wb_clk_i/X (sky130_fd_sc_hd__clkbuf_16)
                                         clknet_0_wb_clk_i (net)
                  0.10    0.00    5.90 ^ clkbuf_1_0__f_wb_clk_i/A (sky130_fd_sc_hd__clkbuf_16)
     1    0.01    0.04    0.15    6.04 ^ clkbuf_1_0__f_wb_clk_i/X (sky130_fd_sc_hd__clkbuf_16)
                                         clknet_1_0__leaf_wb_clk_i (net)
                  0.04    0.00    6.04 ^ _19_/CLK (sky130_fd_sc_hd__dfrtp_1)
     2    0.02    0.15    0.41    6.46 ^ _19_/Q (sky130_fd_sc_hd__dfrtp_1)
                                         net51 (net)
                  0.15    0.00    6.46 ^ _16_/A_N (sky130_fd_sc_hd__and3b_1)
     1    0.00    0.03    0.20    6.66 v _16_/X (sky130_fd_sc_hd__and3b_1)
                                         _03_ (net)
                  0.03    0.00    6.66 v _17_/A (sky130_fd_sc_hd__clkbuf_1)
     1    0.00    0.03    0.09    6.75 v _17_/X (sky130_fd_sc_hd__clkbuf_1)
                                         _00_ (net)
                  0.03    0.00    6.75 v _19_/D (sky130_fd_sc_hd__dfrtp_1)
                                  6.75   data arrival time

                         25.00   25.00   clock clk (rise edge)
                          4.65   29.65   clock source latency
     1    0.08    0.61    0.00   29.65 ^ wb_clk_i (in)
                                         wb_clk_i (net)
                  0.62    0.00   29.65 ^ clkbuf_0_wb_clk_i/A (sky130_fd_sc_hd__clkbuf_16)
     2    0.07    0.10    0.29   29.94 ^ clkbuf_0_wb_clk_i/X (sky130_fd_sc_hd__clkbuf_16)
                                         clknet_0_wb_clk_i (net)
                  0.10    0.00   29.95 ^ clkbuf_1_0__f_wb_clk_i/A (sky130_fd_sc_hd__clkbuf_16)
     1    0.01    0.04    0.13   30.08 ^ clkbuf_1_0__f_wb_clk_i/X (sky130_fd_sc_hd__clkbuf_16)
                                         clknet_1_0__leaf_wb_clk_i (net)
                  0.04    0.00   30.08 ^ _19_/CLK (sky130_fd_sc_hd__dfrtp_1)
                         -0.10   29.98   clock uncertainty
                          0.97   30.94   clock reconvergence pessimism
                         -0.11   30.83   library setup time
                                 30.83   data required time
-----------------------------------------------------------------------------
                                 30.83   data required time
                                 -6.75   data arrival time
-----------------------------------------------------------------------------
                                 24.09   slack (MET)


Startpoint: _19_ (rising edge-triggered flip-flop clocked by clk)
Endpoint: wbs_ack_o (output port clocked by clk)
Path Group: clk
Path Type: max
Corner: Typical

Fanout     Cap    Slew   Delay    Time   Description
-----------------------------------------------------------------------------
                          0.00    0.00   clock clk (rise edge)
                          5.57    5.57   clock source latency
     1    0.08    0.61    0.00    5.57 ^ wb_clk_i (in)
                                         wb_clk_i (net)
                  0.62    0.00    5.57 ^ clkbuf_0_wb_clk_i/A (sky130_fd_sc_hd__clkbuf_16)
     2    0.07    0.10    0.32    5.89 ^ clkbuf_0_wb_clk_i/X (sky130_fd_sc_hd__clkbuf_16)
                                         clknet_0_wb_clk_i (net)
                  0.10    0.00    5.90 ^ clkbuf_1_0__f_wb_clk_i/A (sky130_fd_sc_hd__clkbuf_16)
     1    0.01    0.04    0.15    6.04 ^ clkbuf_1_0__f_wb_clk_i/X (sky130_fd_sc_hd__clkbuf_16)
                                         clknet_1_0__leaf_wb_clk_i (net)
                  0.04    0.00    6.04 ^ _19_/CLK (sky130_fd_sc_hd__dfrtp_1)
     2    0.02    0.15    0.41    6.46 ^ _19_/Q (sky130_fd_sc_hd__dfrtp_1)
                                         net51 (net)
                  0.15    0.00    6.46 ^ output51/A (sky130_fd_sc_hd__buf_12)
     1    0.19    0.22    0.27    6.73 ^ output51/X (sky130_fd_sc_hd__buf_12)
                                         wbs_ack_o (net)
                  0.22    0.00    6.73 ^ wbs_ack_o (out)
                                  6.73   data arrival time

                         50.00   50.00   clock clk (rise edge)
                          4.65   54.65   clock network delay (propagated)
                         -0.10   54.55   clock uncertainty
                          0.00   54.55   clock reconvergence pessimism
                         -8.41   46.14   output external delay
                                 46.14   data required time
-----------------------------------------------------------------------------
                                 46.14   data required time
                                 -6.73   data arrival time
-----------------------------------------------------------------------------
                                 39.41   slack (MET)



worst slack corner Typical: 11.9962
