
===========================================================================
 report_power
============================================================================
======================= Fastest Corner ===================================

Group                  Internal  Switching    Leakage      Total
                          Power      Power      Power      Power (Watts)
----------------------------------------------------------------
Sequential             2.00e-06   1.28e-07   1.89e-09   2.13e-06   2.3%
Combinational          2.49e-05   2.59e-05   6.01e-09   5.08e-05  54.8%
Clock                  2.42e-05   1.56e-05   2.75e-09   3.97e-05  42.9%
Macro                  0.00e+00   0.00e+00   0.00e+00   0.00e+00   0.0%
Pad                    0.00e+00   0.00e+00   0.00e+00   0.00e+00   0.0%
----------------------------------------------------------------
Total                  5.11e-05   4.16e-05   1.07e-08   9.27e-05 100.0%
                          55.1%      44.9%       0.0%

======================= Slowest Corner ===================================

Group                  Internal  Switching    Leakage      Total
                          Power      Power      Power      Power (Watts)
----------------------------------------------------------------
Sequential             1.34e-06   8.35e-08   1.87e-08   1.44e-06   2.2%
Combinational          1.67e-05   1.73e-05   1.78e-06   3.58e-05  55.6%
Clock                  1.66e-05   1.04e-05   5.96e-08   2.71e-05  42.2%
Macro                  0.00e+00   0.00e+00   0.00e+00   0.00e+00   0.0%
Pad                    0.00e+00   0.00e+00   0.00e+00   0.00e+00   0.0%
----------------------------------------------------------------
Total                  3.47e-05   2.78e-05   1.86e-06   6.44e-05 100.0%
                          53.9%      43.2%       2.9%

======================= Typical Corner ===================================

Group                  Internal  Switching    Leakage      Total
                          Power      Power      Power      Power (Watts)
----------------------------------------------------------------
Sequential             1.72e-06   1.08e-07   1.89e-09   1.83e-06   2.3%
Combinational          2.10e-05   2.20e-05   1.21e-09   4.30e-05  54.8%
Clock                  2.05e-05   1.32e-05   2.60e-09   3.37e-05  42.9%
Macro                  0.00e+00   0.00e+00   0.00e+00   0.00e+00   0.0%
Pad                    0.00e+00   0.00e+00   0.00e+00   0.00e+00   0.0%
----------------------------------------------------------------
Total                  4.33e-05   3.53e-05   5.70e-09   7.86e-05 100.0%
                          55.0%      44.9%       0.0%

