
===========================================================================
 report_power
============================================================================
======================= Fastest Corner ===================================

Group                  Internal  Switching    Leakage      Total
                          Power      Power      Power      Power (Watts)
----------------------------------------------------------------
Sequential             2.00e-06   1.14e-07   1.89e-09   2.11e-06   2.3%
Combinational          2.49e-05   2.45e-05   6.01e-09   4.94e-05  54.2%
Clock                  2.41e-05   1.55e-05   2.75e-09   3.97e-05  43.5%
Macro                  0.00e+00   0.00e+00   0.00e+00   0.00e+00   0.0%
Pad                    0.00e+00   0.00e+00   0.00e+00   0.00e+00   0.0%
----------------------------------------------------------------
Total                  5.10e-05   4.02e-05   1.07e-08   9.12e-05 100.0%
                          56.0%      44.0%       0.0%

======================= Slowest Corner ===================================

Group                  Internal  Switching    Leakage      Total
                          Power      Power      Power      Power (Watts)
----------------------------------------------------------------
Sequential             1.33e-06   7.41e-08   1.87e-08   1.43e-06   2.3%
Combinational          1.67e-05   1.64e-05   1.78e-06   3.49e-05  55.0%
Clock                  1.66e-05   1.04e-05   5.96e-08   2.71e-05  42.8%
Macro                  0.00e+00   0.00e+00   0.00e+00   0.00e+00   0.0%
Pad                    0.00e+00   0.00e+00   0.00e+00   0.00e+00   0.0%
----------------------------------------------------------------
Total                  3.47e-05   2.69e-05   1.86e-06   6.34e-05 100.0%
                          54.7%      42.4%       2.9%

======================= Typical Corner ===================================

Group                  Internal  Switching    Leakage      Total
                          Power      Power      Power      Power (Watts)
----------------------------------------------------------------
Sequential             1.72e-06   9.60e-08   1.89e-09   1.82e-06   2.3%
Combinational          2.10e-05   2.08e-05   1.21e-09   4.18e-05  54.1%
Clock                  2.05e-05   1.32e-05   2.60e-09   3.37e-05  43.6%
Macro                  0.00e+00   0.00e+00   0.00e+00   0.00e+00   0.0%
Pad                    0.00e+00   0.00e+00   0.00e+00   0.00e+00   0.0%
----------------------------------------------------------------
Total                  4.32e-05   3.41e-05   5.70e-09   7.73e-05 100.0%
                          55.9%      44.1%       0.0%

